mode: atomic
github.com/lukasqw/oficina-tech-ms3-workshop/internal/messaging/consumers/order_inventory_op_requested.go:52.45,59.2 1 0
github.com/lukasqw/oficina-tech-ms3-workshop/internal/messaging/consumers/order_inventory_op_requested.go:61.85,62.6 1 0
github.com/lukasqw/oficina-tech-ms3-workshop/internal/messaging/consumers/order_inventory_op_requested.go:62.6,63.35 1 0
github.com/lukasqw/oficina-tech-ms3-workshop/internal/messaging/consumers/order_inventory_op_requested.go:63.35,65.4 1 0
github.com/lukasqw/oficina-tech-ms3-workshop/internal/messaging/consumers/order_inventory_op_requested.go:67.3,72.17 2 0
github.com/lukasqw/oficina-tech-ms3-workshop/internal/messaging/consumers/order_inventory_op_requested.go:72.17,74.4 1 0
github.com/lukasqw/oficina-tech-ms3-workshop/internal/messaging/consumers/order_inventory_op_requested.go:76.3,76.43 1 0
github.com/lukasqw/oficina-tech-ms3-workshop/internal/messaging/consumers/order_inventory_op_requested.go:76.43,77.56 1 0
github.com/lukasqw/oficina-tech-ms3-workshop/internal/messaging/consumers/order_inventory_op_requested.go:77.56,79.5 1 0
github.com/lukasqw/oficina-tech-ms3-workshop/internal/messaging/consumers/order_inventory_op_requested.go:84.116,86.16 2 0
github.com/lukasqw/oficina-tech-ms3-workshop/internal/messaging/consumers/order_inventory_op_requested.go:86.16,88.3 1 0
github.com/lukasqw/oficina-tech-ms3-workshop/internal/messaging/consumers/order_inventory_op_requested.go:90.2,91.16 2 0
github.com/lukasqw/oficina-tech-ms3-workshop/internal/messaging/consumers/order_inventory_op_requested.go:91.16,93.3 1 0
github.com/lukasqw/oficina-tech-ms3-workshop/internal/messaging/consumers/order_inventory_op_requested.go:95.2,95.57 1 0
github.com/lukasqw/oficina-tech-ms3-workshop/internal/messaging/consumers/order_inventory_op_requested.go:95.57,97.3 1 0
github.com/lukasqw/oficina-tech-ms3-workshop/internal/messaging/consumers/order_inventory_op_requested.go:99.2,99.34 1 0
github.com/lukasqw/oficina-tech-ms3-workshop/internal/messaging/consumers/order_inventory_op_requested.go:99.34,101.3 1 0
github.com/lukasqw/oficina-tech-ms3-workshop/internal/messaging/consumers/order_inventory_op_requested.go:103.2,107.12 2 0
github.com/lukasqw/oficina-tech-ms3-workshop/internal/messaging/consumers/order_inventory_op_requested.go:110.112,111.25 1 0
github.com/lukasqw/oficina-tech-ms3-workshop/internal/messaging/consumers/order_inventory_op_requested.go:111.25,113.3 1 0
github.com/lukasqw/oficina-tech-ms3-workshop/internal/messaging/consumers/order_inventory_op_requested.go:115.2,116.70 2 0
github.com/lukasqw/oficina-tech-ms3-workshop/internal/messaging/consumers/order_inventory_op_requested.go:116.70,118.3 1 0
github.com/lukasqw/oficina-tech-ms3-workshop/internal/messaging/consumers/order_inventory_op_requested.go:119.2,119.55 1 0
github.com/lukasqw/oficina-tech-ms3-workshop/internal/messaging/consumers/order_inventory_op_requested.go:119.55,121.3 1 0
github.com/lukasqw/oficina-tech-ms3-workshop/internal/messaging/consumers/order_inventory_op_requested.go:122.2,122.70 1 0
github.com/lukasqw/oficina-tech-ms3-workshop/internal/messaging/consumers/order_inventory_op_requested.go:122.70,124.3 1 0
github.com/lukasqw/oficina-tech-ms3-workshop/internal/messaging/consumers/order_inventory_op_requested.go:126.2,127.35 2 0
github.com/lukasqw/oficina-tech-ms3-workshop/internal/messaging/consumers/order_inventory_op_requested.go:127.35,132.3 1 0
github.com/lukasqw/oficina-tech-ms3-workshop/internal/messaging/consumers/order_inventory_op_requested.go:134.2,139.8 1 0
github.com/lukasqw/oficina-tech-ms3-workshop/internal/messaging/publishers/order_inventory_op_publisher.go:22.147,28.2 1 0
github.com/lukasqw/oficina-tech-ms3-workshop/internal/messaging/publishers/order_inventory_op_publisher.go:30.124,31.19 1 0
github.com/lukasqw/oficina-tech-ms3-workshop/internal/messaging/publishers/order_inventory_op_publisher.go:31.19,33.3 1 0
github.com/lukasqw/oficina-tech-ms3-workshop/internal/messaging/publishers/order_inventory_op_publisher.go:35.2,36.22 2 0
github.com/lukasqw/oficina-tech-ms3-workshop/internal/messaging/publishers/order_inventory_op_publisher.go:36.22,38.3 1 0
github.com/lukasqw/oficina-tech-ms3-workshop/internal/messaging/publishers/order_inventory_op_publisher.go:40.2,45.16 3 0
github.com/lukasqw/oficina-tech-ms3-workshop/internal/messaging/publishers/order_inventory_op_publisher.go:45.16,47.3 1 0
github.com/lukasqw/oficina-tech-ms3-workshop/internal/messaging/publishers/order_inventory_op_publisher.go:48.2,48.12 1 0
github.com/lukasqw/oficina-tech-ms3-workshop/internal/modules/inventory/module.go:31.109,41.2 1 0
github.com/lukasqw/oficina-tech-ms3-workshop/internal/modules/inventory/module.go:44.103,49.16 2 0
github.com/lukasqw/oficina-tech-ms3-workshop/internal/modules/inventory/module.go:49.16,51.3 1 0
github.com/lukasqw/oficina-tech-ms3-workshop/internal/modules/inventory/module.go:54.2,60.8 1 0
github.com/lukasqw/oficina-tech-ms3-workshop/internal/modules/inventory/module.go:64.103,66.33 1 0
github.com/lukasqw/oficina-tech-ms3-workshop/internal/modules/inventory/module.go:67.26,72.13 2 0
github.com/lukasqw/oficina-tech-ms3-workshop/internal/modules/inventory/module.go:74.35,79.13 2 0
github.com/lukasqw/oficina-tech-ms3-workshop/internal/modules/inventory/module.go:81.33,86.13 2 0
github.com/lukasqw/oficina-tech-ms3-workshop/internal/modules/inventory/module.go:88.34,93.13 2 0
github.com/lukasqw/oficina-tech-ms3-workshop/internal/modules/inventory/module.go:95.36,100.13 2 0
github.com/lukasqw/oficina-tech-ms3-workshop/internal/modules/inventory/module.go:102.27,107.13 2 0
github.com/lukasqw/oficina-tech-ms3-workshop/internal/modules/inventory/module.go:109.10,110.39 1 0
github.com/lukasqw/oficina-tech-ms3-workshop/internal/modules/inventory/domain/saga_operation/saga_operation.go:36.92,37.63 1 0
github.com/lukasqw/oficina-tech-ms3-workshop/internal/modules/inventory/domain/saga_operation/saga_operation.go:37.63,39.3 1 0
github.com/lukasqw/oficina-tech-ms3-workshop/internal/modules/inventory/domain/saga_operation/saga_operation.go:40.2,40.65 1 0
github.com/lukasqw/oficina-tech-ms3-workshop/internal/modules/inventory/domain/saga_operation/saga_operation.go:40.65,42.3 1 0
github.com/lukasqw/oficina-tech-ms3-workshop/internal/modules/inventory/domain/saga_operation/saga_operation.go:43.2,43.24 1 0
github.com/lukasqw/oficina-tech-ms3-workshop/internal/modules/inventory/domain/saga_operation/saga_operation.go:43.24,45.3 1 0
github.com/lukasqw/oficina-tech-ms3-workshop/internal/modules/inventory/domain/saga_operation/saga_operation.go:47.2,52.8 1 0
github.com/lukasqw/oficina-tech-ms3-workshop/internal/modules/inventory/domain/saga_operation/saga_operation.go:55.165,56.68 1 0
github.com/lukasqw/oficina-tech-ms3-workshop/internal/modules/inventory/domain/saga_operation/saga_operation.go:56.68,58.3 1 0
github.com/lukasqw/oficina-tech-ms3-workshop/internal/modules/inventory/domain/saga_operation/saga_operation.go:59.2,59.63 1 0
github.com/lukasqw/oficina-tech-ms3-workshop/internal/modules/inventory/domain/saga_operation/saga_operation.go:59.63,61.3 1 0
github.com/lukasqw/oficina-tech-ms3-workshop/internal/modules/inventory/domain/saga_operation/saga_operation.go:62.2,62.65 1 0
github.com/lukasqw/oficina-tech-ms3-workshop/internal/modules/inventory/domain/saga_operation/saga_operation.go:62.65,64.3 1 0
github.com/lukasqw/oficina-tech-ms3-workshop/internal/modules/inventory/domain/saga_operation/saga_operation.go:65.2,65.24 1 0
github.com/lukasqw/oficina-tech-ms3-workshop/internal/modules/inventory/domain/saga_operation/saga_operation.go:65.24,67.3 1 0
github.com/lukasqw/oficina-tech-ms3-workshop/internal/modules/inventory/domain/saga_operation/saga_operation.go:68.2,68.21 1 0
github.com/lukasqw/oficina-tech-ms3-workshop/internal/modules/inventory/domain/saga_operation/saga_operation.go:68.21,70.3 1 0
github.com/lukasqw/oficina-tech-ms3-workshop/internal/modules/inventory/domain/saga_operation/saga_operation.go:72.2,80.8 1 0
github.com/lukasqw/oficina-tech-ms3-workshop/internal/modules/inventory/domain/saga_operation/saga_operation.go:83.33,84.11 1 0
github.com/lukasqw/oficina-tech-ms3-workshop/internal/modules/inventory/domain/saga_operation/saga_operation.go:85.102,86.14 1 0
github.com/lukasqw/oficina-tech-ms3-workshop/internal/modules/inventory/domain/saga_operation/saga_operation.go:87.10,88.15 1 0
github.com/lukasqw/oficina-tech-ms3-workshop/internal/modules/inventory/domain/saga_operation/saga_operation.go:92.30,93.11 1 0
github.com/lukasqw/oficina-tech-ms3-workshop/internal/modules/inventory/domain/saga_operation/saga_operation.go:94.55,95.14 1 0
github.com/lukasqw/oficina-tech-ms3-workshop/internal/modules/inventory/domain/saga_operation/saga_operation.go:96.10,97.15 1 0
github.com/lukasqw/oficina-tech-ms3-workshop/internal/modules/inventory/domain/saga_operation/saga_operation.go:101.37,103.2 1 0
github.com/lukasqw/oficina-tech-ms3-workshop/internal/modules/inventory/domain/saga_operation/saga_operation.go:105.41,107.2 1 0
github.com/lukasqw/oficina-tech-ms3-workshop/internal/modules/inventory/domain/saga_operation/saga_operation.go:109.42,111.2 1 0
github.com/lukasqw/oficina-tech-ms3-workshop/internal/modules/inventory/domain/saga_operation/saga_operation.go:113.47,115.2 1 0
github.com/lukasqw/oficina-tech-ms3-workshop/internal/modules/inventory/domain/saga_operation/saga_operation.go:117.41,119.2 1 0
github.com/lukasqw/oficina-tech-ms3-workshop/internal/modules/inventory/domain/saga_operation/saga_operation.go:121.48,123.2 1 0
github.com/lukasqw/oficina-tech-ms3-workshop/internal/modules/inventory/domain/saga_operation/saga_operation.go:125.50,127.2 1 0
github.com/lukasqw/oficina-tech-ms3-workshop/internal/modules/inventory/domain/saga_operation/saga_operation.go:129.48,130.68 1 0
github.com/lukasqw/oficina-tech-ms3-workshop/internal/modules/inventory/domain/saga_operation/saga_operation.go:130.68,132.3 1 0
github.com/lukasqw/oficina-tech-ms3-workshop/internal/modules/inventory/domain/saga_operation/saga_operation.go:133.2,134.12 2 0
github.com/lukasqw/oficina-tech-ms3-workshop/internal/modules/inventory/domain/saga_operation/saga_operation.go:137.56,142.2 4 0
github.com/lukasqw/oficina-tech-ms3-workshop/internal/modules/inventory/domain/saga_operation/saga_operation.go:144.52,149.2 4 0
github.com/lukasqw/oficina-tech-ms3-workshop/internal/modules/inventory/domain/saga_operation/saga_operation.go:151.50,152.55 1 0
github.com/lukasqw/oficina-tech-ms3-workshop/internal/modules/inventory/domain/saga_operation/saga_operation.go:152.55,154.3 1 0
github.com/lukasqw/oficina-tech-ms3-workshop/internal/modules/inventory/domain/saga_operation/saga_operation.go:155.2,155.12 1 0
github.com/lukasqw/oficina-tech-ms3-workshop/internal/modules/inventory/infra/http/dto/inventory_dto.go:45.71,55.2 1 0
github.com/lukasqw/oficina-tech-ms3-workshop/internal/modules/inventory/infra/http/routes.go:10.223,12.62 1 0
github.com/lukasqw/oficina-tech-ms3-workshop/internal/modules/inventory/infra/http/routes.go:12.62,15.3 1 0
github.com/lukasqw/oficina-tech-ms3-workshop/internal/modules/inventory/infra/http/routes.go:18.2,18.63 1 0
github.com/lukasqw/oficina-tech-ms3-workshop/internal/modules/inventory/infra/http/routes.go:18.63,21.3 1 0
github.com/lukasqw/oficina-tech-ms3-workshop/internal/modules/inventory/infra/http/routes.go:24.2,42.144 15 0
github.com/lukasqw/oficina-tech-ms3-workshop/internal/modules/inventory/application/usecases/available_decrease_stock.go:34.106,38.2 1 7
github.com/lukasqw/oficina-tech-ms3-workshop/internal/modules/inventory/application/usecases/available_decrease_stock.go:41.145,46.55 3 7
github.com/lukasqw/oficina-tech-ms3-workshop/internal/modules/inventory/application/usecases/available_decrease_stock.go:46.55,49.3 2 1
github.com/lukasqw/oficina-tech-ms3-workshop/internal/modules/inventory/application/usecases/available_decrease_stock.go:52.2,53.16 2 6
github.com/lukasqw/oficina-tech-ms3-workshop/internal/modules/inventory/application/usecases/available_decrease_stock.go:53.16,56.3 2 1
github.com/lukasqw/oficina-tech-ms3-workshop/internal/modules/inventory/application/usecases/available_decrease_stock.go:59.2,59.62 1 5
github.com/lukasqw/oficina-tech-ms3-workshop/internal/modules/inventory/application/usecases/available_decrease_stock.go:59.62,62.3 2 3
github.com/lukasqw/oficina-tech-ms3-workshop/internal/modules/inventory/application/usecases/available_decrease_stock.go:65.2,65.56 1 2
github.com/lukasqw/oficina-tech-ms3-workshop/internal/modules/inventory/application/usecases/available_decrease_stock.go:65.56,68.3 2 1
github.com/lukasqw/oficina-tech-ms3-workshop/internal/modules/inventory/application/usecases/available_decrease_stock.go:71.2,78.8 1 1
github.com/lukasqw/oficina-tech-ms3-workshop/internal/modules/inventory/application/usecases/cancel_confirmed_stock.go:34.102,38.2 1 10
github.com/lukasqw/oficina-tech-ms3-workshop/internal/modules/inventory/application/usecases/cancel_confirmed_stock.go:41.139,46.55 3 6
github.com/lukasqw/oficina-tech-ms3-workshop/internal/modules/inventory/application/usecases/cancel_confirmed_stock.go:46.55,49.3 2 1
github.com/lukasqw/oficina-tech-ms3-workshop/internal/modules/inventory/application/usecases/cancel_confirmed_stock.go:52.2,53.16 2 5
github.com/lukasqw/oficina-tech-ms3-workshop/internal/modules/inventory/application/usecases/cancel_confirmed_stock.go:53.16,56.3 2 1
github.com/lukasqw/oficina-tech-ms3-workshop/internal/modules/inventory/application/usecases/cancel_confirmed_stock.go:59.2,59.60 1 4
github.com/lukasqw/oficina-tech-ms3-workshop/internal/modules/inventory/application/usecases/cancel_confirmed_stock.go:59.60,62.3 2 1
github.com/lukasqw/oficina-tech-ms3-workshop/internal/modules/inventory/application/usecases/cancel_confirmed_stock.go:65.2,65.56 1 3
github.com/lukasqw/oficina-tech-ms3-workshop/internal/modules/inventory/application/usecases/cancel_confirmed_stock.go:65.56,68.3 2 1
github.com/lukasqw/oficina-tech-ms3-workshop/internal/modules/inventory/application/usecases/cancel_confirmed_stock.go:71.2,78.8 1 2
github.com/lukasqw/oficina-tech-ms3-workshop/internal/modules/inventory/application/usecases/cancel_reserved_stock.go:34.100,38.2 1 11
github.com/lukasqw/oficina-tech-ms3-workshop/internal/modules/inventory/application/usecases/cancel_reserved_stock.go:41.136,46.55 3 8
github.com/lukasqw/oficina-tech-ms3-workshop/internal/modules/inventory/application/usecases/cancel_reserved_stock.go:46.55,49.3 2 1
github.com/lukasqw/oficina-tech-ms3-workshop/internal/modules/inventory/application/usecases/cancel_reserved_stock.go:52.2,53.16 2 7
github.com/lukasqw/oficina-tech-ms3-workshop/internal/modules/inventory/application/usecases/cancel_reserved_stock.go:53.16,56.3 2 1
github.com/lukasqw/oficina-tech-ms3-workshop/internal/modules/inventory/application/usecases/cancel_reserved_stock.go:59.2,59.59 1 6
github.com/lukasqw/oficina-tech-ms3-workshop/internal/modules/inventory/application/usecases/cancel_reserved_stock.go:59.59,62.3 2 2
github.com/lukasqw/oficina-tech-ms3-workshop/internal/modules/inventory/application/usecases/cancel_reserved_stock.go:65.2,65.56 1 4
github.com/lukasqw/oficina-tech-ms3-workshop/internal/modules/inventory/application/usecases/cancel_reserved_stock.go:65.56,68.3 2 1
github.com/lukasqw/oficina-tech-ms3-workshop/internal/modules/inventory/application/usecases/cancel_reserved_stock.go:71.2,78.8 1 3
github.com/lukasqw/oficina-tech-ms3-workshop/internal/modules/inventory/application/usecases/create_inventory.go:36.124,41.2 1 6
github.com/lukasqw/oficina-tech-ms3-workshop/internal/modules/inventory/application/usecases/create_inventory.go:44.124,49.55 3 6
github.com/lukasqw/oficina-tech-ms3-workshop/internal/modules/inventory/application/usecases/create_inventory.go:49.55,52.3 2 1
github.com/lukasqw/oficina-tech-ms3-workshop/internal/modules/inventory/application/usecases/create_inventory.go:55.2,56.16 2 5
github.com/lukasqw/oficina-tech-ms3-workshop/internal/modules/inventory/application/usecases/create_inventory.go:56.16,59.3 2 1
github.com/lukasqw/oficina-tech-ms3-workshop/internal/modules/inventory/application/usecases/create_inventory.go:62.2,63.16 2 4
github.com/lukasqw/oficina-tech-ms3-workshop/internal/modules/inventory/application/usecases/create_inventory.go:63.16,66.3 2 1
github.com/lukasqw/oficina-tech-ms3-workshop/internal/modules/inventory/application/usecases/create_inventory.go:67.2,67.12 1 3
github.com/lukasqw/oficina-tech-ms3-workshop/internal/modules/inventory/application/usecases/create_inventory.go:67.12,70.3 2 1
github.com/lukasqw/oficina-tech-ms3-workshop/internal/modules/inventory/application/usecases/create_inventory.go:73.2,74.16 2 2
github.com/lukasqw/oficina-tech-ms3-workshop/internal/modules/inventory/application/usecases/create_inventory.go:74.16,77.3 2 0
github.com/lukasqw/oficina-tech-ms3-workshop/internal/modules/inventory/application/usecases/create_inventory.go:80.2,80.56 1 2
github.com/lukasqw/oficina-tech-ms3-workshop/internal/modules/inventory/application/usecases/create_inventory.go:80.56,83.3 2 1
github.com/lukasqw/oficina-tech-ms3-workshop/internal/modules/inventory/application/usecases/create_inventory.go:86.2,94.8 1 1
github.com/lukasqw/oficina-tech-ms3-workshop/internal/modules/inventory/application/usecases/create_product.go:37.120,42.2 1 9
github.com/lukasqw/oficina-tech-ms3-workshop/internal/modules/inventory/application/usecases/create_product.go:45.118,51.16 4 9
github.com/lukasqw/oficina-tech-ms3-workshop/internal/modules/inventory/application/usecases/create_product.go:51.16,54.3 2 1
github.com/lukasqw/oficina-tech-ms3-workshop/internal/modules/inventory/application/usecases/create_product.go:57.2,63.16 2 8
github.com/lukasqw/oficina-tech-ms3-workshop/internal/modules/inventory/application/usecases/create_product.go:63.16,66.3 2 5
github.com/lukasqw/oficina-tech-ms3-workshop/internal/modules/inventory/application/usecases/create_product.go:69.2,70.16 2 3
github.com/lukasqw/oficina-tech-ms3-workshop/internal/modules/inventory/application/usecases/create_product.go:70.16,73.3 2 1
github.com/lukasqw/oficina-tech-ms3-workshop/internal/modules/inventory/application/usecases/create_product.go:76.2,77.16 2 2
github.com/lukasqw/oficina-tech-ms3-workshop/internal/modules/inventory/application/usecases/create_product.go:77.16,80.3 2 0
github.com/lukasqw/oficina-tech-ms3-workshop/internal/modules/inventory/application/usecases/create_product.go:83.2,84.16 2 2
github.com/lukasqw/oficina-tech-ms3-workshop/internal/modules/inventory/application/usecases/create_product.go:84.16,87.3 2 1
github.com/lukasqw/oficina-tech-ms3-workshop/internal/modules/inventory/application/usecases/create_product.go:90.2,98.8 1 1
github.com/lukasqw/oficina-tech-ms3-workshop/internal/modules/inventory/application/usecases/delete_inventory.go:22.92,26.2 1 4
github.com/lukasqw/oficina-tech-ms3-workshop/internal/modules/inventory/application/usecases/delete_inventory.go:29.98,34.48 3 4
github.com/lukasqw/oficina-tech-ms3-workshop/internal/modules/inventory/application/usecases/delete_inventory.go:34.48,37.3 2 1
github.com/lukasqw/oficina-tech-ms3-workshop/internal/modules/inventory/application/usecases/delete_inventory.go:40.2,40.63 1 3
github.com/lukasqw/oficina-tech-ms3-workshop/internal/modules/inventory/application/usecases/delete_inventory.go:40.63,43.3 2 2
github.com/lukasqw/oficina-tech-ms3-workshop/internal/modules/inventory/application/usecases/delete_inventory.go:44.2,44.12 1 1
github.com/lukasqw/oficina-tech-ms3-workshop/internal/modules/inventory/application/usecases/delete_product.go:23.120,28.2 1 6
github.com/lukasqw/oficina-tech-ms3-workshop/internal/modules/inventory/application/usecases/delete_product.go:31.94,36.53 3 6
github.com/lukasqw/oficina-tech-ms3-workshop/internal/modules/inventory/application/usecases/delete_product.go:36.53,39.3 2 1
github.com/lukasqw/oficina-tech-ms3-workshop/internal/modules/inventory/application/usecases/delete_product.go:42.2,43.30 2 5
github.com/lukasqw/oficina-tech-ms3-workshop/internal/modules/inventory/application/usecases/delete_product.go:43.30,45.64 1 2
github.com/lukasqw/oficina-tech-ms3-workshop/internal/modules/inventory/application/usecases/delete_product.go:45.64,48.4 2 1
github.com/lukasqw/oficina-tech-ms3-workshop/internal/modules/inventory/application/usecases/delete_product.go:53.2,54.16 2 4
github.com/lukasqw/oficina-tech-ms3-workshop/internal/modules/inventory/application/usecases/delete_product.go:54.16,57.3 2 2
github.com/lukasqw/oficina-tech-ms3-workshop/internal/modules/inventory/application/usecases/delete_product.go:59.2,59.12 1 2
github.com/lukasqw/oficina-tech-ms3-workshop/internal/modules/inventory/application/usecases/get_inventory.go:34.86,38.2 1 4
github.com/lukasqw/oficina-tech-ms3-workshop/internal/modules/inventory/application/usecases/get_inventory.go:41.115,46.48 3 4
github.com/lukasqw/oficina-tech-ms3-workshop/internal/modules/inventory/application/usecases/get_inventory.go:46.48,49.3 2 1
github.com/lukasqw/oficina-tech-ms3-workshop/internal/modules/inventory/application/usecases/get_inventory.go:52.2,53.16 2 3
github.com/lukasqw/oficina-tech-ms3-workshop/internal/modules/inventory/application/usecases/get_inventory.go:53.16,56.3 2 2
github.com/lukasqw/oficina-tech-ms3-workshop/internal/modules/inventory/application/usecases/get_inventory.go:59.2,67.8 1 1
github.com/lukasqw/oficina-tech-ms3-workshop/internal/modules/inventory/application/usecases/get_inventory_by_product.go:34.104,38.2 1 4
github.com/lukasqw/oficina-tech-ms3-workshop/internal/modules/inventory/application/usecases/get_inventory_by_product.go:41.142,46.55 3 4
github.com/lukasqw/oficina-tech-ms3-workshop/internal/modules/inventory/application/usecases/get_inventory_by_product.go:46.55,49.3 2 1
github.com/lukasqw/oficina-tech-ms3-workshop/internal/modules/inventory/application/usecases/get_inventory_by_product.go:52.2,53.16 2 3
github.com/lukasqw/oficina-tech-ms3-workshop/internal/modules/inventory/application/usecases/get_inventory_by_product.go:53.16,56.3 2 2
github.com/lukasqw/oficina-tech-ms3-workshop/internal/modules/inventory/application/usecases/get_inventory_by_product.go:59.2,67.8 1 1
github.com/lukasqw/oficina-tech-ms3-workshop/internal/modules/inventory/application/usecases/get_product.go:34.85,38.2 1 4
github.com/lukasqw/oficina-tech-ms3-workshop/internal/modules/inventory/application/usecases/get_product.go:41.121,46.53 3 4
github.com/lukasqw/oficina-tech-ms3-workshop/internal/modules/inventory/application/usecases/get_product.go:46.53,49.3 2 1
github.com/lukasqw/oficina-tech-ms3-workshop/internal/modules/inventory/application/usecases/get_product.go:52.2,53.16 2 3
github.com/lukasqw/oficina-tech-ms3-workshop/internal/modules/inventory/application/usecases/get_product.go:53.16,56.3 2 2
github.com/lukasqw/oficina-tech-ms3-workshop/internal/modules/inventory/application/usecases/get_product.go:59.2,69.20 2 1
github.com/lukasqw/oficina-tech-ms3-workshop/internal/modules/inventory/application/usecases/get_product.go:94.85,98.2 1 3
github.com/lukasqw/oficina-tech-ms3-workshop/internal/modules/inventory/application/usecases/get_product.go:101.94,107.16 4 3
github.com/lukasqw/oficina-tech-ms3-workshop/internal/modules/inventory/application/usecases/get_product.go:107.16,110.3 2 1
github.com/lukasqw/oficina-tech-ms3-workshop/internal/modules/inventory/application/usecases/get_product.go:113.2,117.32 2 2
github.com/lukasqw/oficina-tech-ms3-workshop/internal/modules/inventory/application/usecases/get_product.go:117.32,127.3 1 2
github.com/lukasqw/oficina-tech-ms3-workshop/internal/modules/inventory/application/usecases/get_product.go:129.2,129.20 1 2
github.com/lukasqw/oficina-tech-ms3-workshop/internal/modules/inventory/application/usecases/increase_stock.go:34.88,38.2 1 7
github.com/lukasqw/oficina-tech-ms3-workshop/internal/modules/inventory/application/usecases/increase_stock.go:41.118,46.55 3 7
github.com/lukasqw/oficina-tech-ms3-workshop/internal/modules/inventory/application/usecases/increase_stock.go:46.55,49.3 2 1
github.com/lukasqw/oficina-tech-ms3-workshop/internal/modules/inventory/application/usecases/increase_stock.go:52.2,53.16 2 6
github.com/lukasqw/oficina-tech-ms3-workshop/internal/modules/inventory/application/usecases/increase_stock.go:53.16,56.3 2 1
github.com/lukasqw/oficina-tech-ms3-workshop/internal/modules/inventory/application/usecases/increase_stock.go:59.2,59.53 1 5
github.com/lukasqw/oficina-tech-ms3-workshop/internal/modules/inventory/application/usecases/increase_stock.go:59.53,62.3 2 2
github.com/lukasqw/oficina-tech-ms3-workshop/internal/modules/inventory/application/usecases/increase_stock.go:65.2,65.56 1 3
github.com/lukasqw/oficina-tech-ms3-workshop/internal/modules/inventory/application/usecases/increase_stock.go:65.56,68.3 2 1
github.com/lukasqw/oficina-tech-ms3-workshop/internal/modules/inventory/application/usecases/increase_stock.go:71.2,78.8 1 2
github.com/lukasqw/oficina-tech-ms3-workshop/internal/modules/inventory/application/usecases/manual_decrease_stock.go:34.100,38.2 1 7
github.com/lukasqw/oficina-tech-ms3-workshop/internal/modules/inventory/application/usecases/manual_decrease_stock.go:41.136,46.55 3 7
github.com/lukasqw/oficina-tech-ms3-workshop/internal/modules/inventory/application/usecases/manual_decrease_stock.go:46.55,49.3 2 1
github.com/lukasqw/oficina-tech-ms3-workshop/internal/modules/inventory/application/usecases/manual_decrease_stock.go:52.2,53.16 2 6
github.com/lukasqw/oficina-tech-ms3-workshop/internal/modules/inventory/application/usecases/manual_decrease_stock.go:53.16,56.3 2 1
github.com/lukasqw/oficina-tech-ms3-workshop/internal/modules/inventory/application/usecases/manual_decrease_stock.go:59.2,59.59 1 5
github.com/lukasqw/oficina-tech-ms3-workshop/internal/modules/inventory/application/usecases/manual_decrease_stock.go:59.59,62.3 2 2
github.com/lukasqw/oficina-tech-ms3-workshop/internal/modules/inventory/application/usecases/manual_decrease_stock.go:65.2,65.56 1 3
github.com/lukasqw/oficina-tech-ms3-workshop/internal/modules/inventory/application/usecases/manual_decrease_stock.go:65.56,68.3 2 1
github.com/lukasqw/oficina-tech-ms3-workshop/internal/modules/inventory/application/usecases/manual_decrease_stock.go:71.2,78.8 1 2
github.com/lukasqw/oficina-tech-ms3-workshop/internal/modules/inventory/application/usecases/process_saga_operation.go:58.138,66.2 1 4
github.com/lukasqw/oficina-tech-ms3-workshop/internal/modules/inventory/application/usecases/process_saga_operation.go:68.139,73.16 4 4
github.com/lukasqw/oficina-tech-ms3-workshop/internal/modules/inventory/application/usecases/process_saga_operation.go:73.16,74.110 1 1
github.com/lukasqw/oficina-tech-ms3-workshop/internal/modules/inventory/application/usecases/process_saga_operation.go:74.110,76.4 1 1
github.com/lukasqw/oficina-tech-ms3-workshop/internal/modules/inventory/application/usecases/process_saga_operation.go:77.3,77.118 1 0
github.com/lukasqw/oficina-tech-ms3-workshop/internal/modules/inventory/application/usecases/process_saga_operation.go:79.2,79.52 1 3
github.com/lukasqw/oficina-tech-ms3-workshop/internal/modules/inventory/application/usecases/process_saga_operation.go:79.52,82.3 2 0
github.com/lukasqw/oficina-tech-ms3-workshop/internal/modules/inventory/application/usecases/process_saga_operation.go:84.2,85.16 2 3
github.com/lukasqw/oficina-tech-ms3-workshop/internal/modules/inventory/application/usecases/process_saga_operation.go:85.16,88.3 2 0
github.com/lukasqw/oficina-tech-ms3-workshop/internal/modules/inventory/application/usecases/process_saga_operation.go:89.2,89.57 1 3
github.com/lukasqw/oficina-tech-ms3-workshop/internal/modules/inventory/application/usecases/process_saga_operation.go:89.57,92.3 2 0
github.com/lukasqw/oficina-tech-ms3-workshop/internal/modules/inventory/application/usecases/process_saga_operation.go:94.2,95.35 2 3
github.com/lukasqw/oficina-tech-ms3-workshop/internal/modules/inventory/application/usecases/process_saga_operation.go:95.35,96.62 1 4
github.com/lukasqw/oficina-tech-ms3-workshop/internal/modules/inventory/application/usecases/process_saga_operation.go:96.62,100.25 4 1
github.com/lukasqw/oficina-tech-ms3-workshop/internal/modules/inventory/application/usecases/process_saga_operation.go:100.25,103.5 2 0
github.com/lukasqw/oficina-tech-ms3-workshop/internal/modules/inventory/application/usecases/process_saga_operation.go:104.4,104.22 1 1
github.com/lukasqw/oficina-tech-ms3-workshop/internal/modules/inventory/application/usecases/process_saga_operation.go:106.3,106.34 1 3
github.com/lukasqw/oficina-tech-ms3-workshop/internal/modules/inventory/application/usecases/process_saga_operation.go:109.2,109.43 1 2
github.com/lukasqw/oficina-tech-ms3-workshop/internal/modules/inventory/application/usecases/process_saga_operation.go:112.136,113.19 1 5
github.com/lukasqw/oficina-tech-ms3-workshop/internal/modules/inventory/application/usecases/process_saga_operation.go:114.39,116.13 2 3
github.com/lukasqw/oficina-tech-ms3-workshop/internal/modules/inventory/application/usecases/process_saga_operation.go:117.48,119.13 2 1
github.com/lukasqw/oficina-tech-ms3-workshop/internal/modules/inventory/application/usecases/process_saga_operation.go:120.46,122.13 2 1
github.com/lukasqw/oficina-tech-ms3-workshop/internal/modules/inventory/application/usecases/process_saga_operation.go:123.47,125.13 2 0
github.com/lukasqw/oficina-tech-ms3-workshop/internal/modules/inventory/application/usecases/process_saga_operation.go:126.10,127.44 1 0
github.com/lukasqw/oficina-tech-ms3-workshop/internal/modules/inventory/application/usecases/process_saga_operation.go:131.147,132.41 1 1
github.com/lukasqw/oficina-tech-ms3-workshop/internal/modules/inventory/application/usecases/process_saga_operation.go:132.41,134.3 1 1
github.com/lukasqw/oficina-tech-ms3-workshop/internal/modules/inventory/application/usecases/process_saga_operation.go:137.83,138.19 1 1
github.com/lukasqw/oficina-tech-ms3-workshop/internal/modules/inventory/application/usecases/process_saga_operation.go:139.39,140.48 1 1
github.com/lukasqw/oficina-tech-ms3-workshop/internal/modules/inventory/application/usecases/process_saga_operation.go:141.48,142.49 1 0
github.com/lukasqw/oficina-tech-ms3-workshop/internal/modules/inventory/application/usecases/process_saga_operation.go:143.46,144.41 1 0
github.com/lukasqw/oficina-tech-ms3-workshop/internal/modules/inventory/application/usecases/process_saga_operation.go:145.47,146.50 1 0
github.com/lukasqw/oficina-tech-ms3-workshop/internal/modules/inventory/application/usecases/process_saga_operation.go:147.10,148.19 1 0
github.com/lukasqw/oficina-tech-ms3-workshop/internal/modules/inventory/application/usecases/process_saga_operation.go:152.181,160.16 2 2
github.com/lukasqw/oficina-tech-ms3-workshop/internal/modules/inventory/application/usecases/process_saga_operation.go:160.16,162.3 1 0
github.com/lukasqw/oficina-tech-ms3-workshop/internal/modules/inventory/application/usecases/process_saga_operation.go:164.2,165.57 2 2
github.com/lukasqw/oficina-tech-ms3-workshop/internal/modules/inventory/application/usecases/process_saga_operation.go:165.57,167.3 1 0
github.com/lukasqw/oficina-tech-ms3-workshop/internal/modules/inventory/application/usecases/process_saga_operation.go:169.2,173.8 1 2
github.com/lukasqw/oficina-tech-ms3-workshop/internal/modules/inventory/application/usecases/process_saga_operation.go:176.192,185.16 2 1
github.com/lukasqw/oficina-tech-ms3-workshop/internal/modules/inventory/application/usecases/process_saga_operation.go:185.16,187.3 1 0
github.com/lukasqw/oficina-tech-ms3-workshop/internal/modules/inventory/application/usecases/process_saga_operation.go:189.2,190.57 2 1
github.com/lukasqw/oficina-tech-ms3-workshop/internal/modules/inventory/application/usecases/process_saga_operation.go:190.57,192.3 1 0
github.com/lukasqw/oficina-tech-ms3-workshop/internal/modules/inventory/application/usecases/process_saga_operation.go:194.2,198.8 1 1
github.com/lukasqw/oficina-tech-ms3-workshop/internal/modules/inventory/application/usecases/process_saga_operation.go:201.83,205.59 2 1
github.com/lukasqw/oficina-tech-ms3-workshop/internal/modules/inventory/application/usecases/process_saga_operation.go:205.59,207.3 1 0
github.com/lukasqw/oficina-tech-ms3-workshop/internal/modules/inventory/application/usecases/process_saga_operation.go:209.2,213.8 1 1
github.com/lukasqw/oficina-tech-ms3-workshop/internal/modules/inventory/application/usecases/process_saga_operation.go:216.46,217.16 1 3
github.com/lukasqw/oficina-tech-ms3-workshop/internal/modules/inventory/application/usecases/process_saga_operation.go:217.16,219.3 1 0
github.com/lukasqw/oficina-tech-ms3-workshop/internal/modules/inventory/application/usecases/process_saga_operation.go:220.2,220.41 1 3
github.com/lukasqw/oficina-tech-ms3-workshop/internal/modules/inventory/application/usecases/reserve_stock.go:34.86,38.2 1 11
github.com/lukasqw/oficina-tech-ms3-workshop/internal/modules/inventory/application/usecases/reserve_stock.go:41.115,46.55 3 10
github.com/lukasqw/oficina-tech-ms3-workshop/internal/modules/inventory/application/usecases/reserve_stock.go:46.55,49.3 2 1
github.com/lukasqw/oficina-tech-ms3-workshop/internal/modules/inventory/application/usecases/reserve_stock.go:52.2,53.16 2 9
github.com/lukasqw/oficina-tech-ms3-workshop/internal/modules/inventory/application/usecases/reserve_stock.go:53.16,56.3 2 2
github.com/lukasqw/oficina-tech-ms3-workshop/internal/modules/inventory/application/usecases/reserve_stock.go:59.2,59.52 1 7
github.com/lukasqw/oficina-tech-ms3-workshop/internal/modules/inventory/application/usecases/reserve_stock.go:59.52,62.3 2 2
github.com/lukasqw/oficina-tech-ms3-workshop/internal/modules/inventory/application/usecases/reserve_stock.go:65.2,65.56 1 5
github.com/lukasqw/oficina-tech-ms3-workshop/internal/modules/inventory/application/usecases/reserve_stock.go:65.56,68.3 2 1
github.com/lukasqw/oficina-tech-ms3-workshop/internal/modules/inventory/application/usecases/reserve_stock.go:71.2,78.8 1 4
github.com/lukasqw/oficina-tech-ms3-workshop/internal/modules/inventory/application/usecases/reserved_decrease_stock.go:34.104,38.2 1 10
github.com/lukasqw/oficina-tech-ms3-workshop/internal/modules/inventory/application/usecases/reserved_decrease_stock.go:41.142,46.55 3 7
github.com/lukasqw/oficina-tech-ms3-workshop/internal/modules/inventory/application/usecases/reserved_decrease_stock.go:46.55,49.3 2 1
github.com/lukasqw/oficina-tech-ms3-workshop/internal/modules/inventory/application/usecases/reserved_decrease_stock.go:52.2,53.16 2 6
github.com/lukasqw/oficina-tech-ms3-workshop/internal/modules/inventory/application/usecases/reserved_decrease_stock.go:53.16,56.3 2 1
github.com/lukasqw/oficina-tech-ms3-workshop/internal/modules/inventory/application/usecases/reserved_decrease_stock.go:59.2,59.61 1 5
github.com/lukasqw/oficina-tech-ms3-workshop/internal/modules/inventory/application/usecases/reserved_decrease_stock.go:59.61,62.3 2 2
github.com/lukasqw/oficina-tech-ms3-workshop/internal/modules/inventory/application/usecases/reserved_decrease_stock.go:65.2,65.56 1 3
github.com/lukasqw/oficina-tech-ms3-workshop/internal/modules/inventory/application/usecases/reserved_decrease_stock.go:65.56,68.3 2 1
github.com/lukasqw/oficina-tech-ms3-workshop/internal/modules/inventory/application/usecases/reserved_decrease_stock.go:71.2,78.8 1 2
github.com/lukasqw/oficina-tech-ms3-workshop/internal/modules/inventory/application/usecases/update_product.go:25.83,29.2 1 8
github.com/lukasqw/oficina-tech-ms3-workshop/internal/modules/inventory/application/usecases/update_product.go:32.94,37.53 3 8
github.com/lukasqw/oficina-tech-ms3-workshop/internal/modules/inventory/application/usecases/update_product.go:37.53,40.3 2 1
github.com/lukasqw/oficina-tech-ms3-workshop/internal/modules/inventory/application/usecases/update_product.go:43.2,44.16 2 7
github.com/lukasqw/oficina-tech-ms3-workshop/internal/modules/inventory/application/usecases/update_product.go:44.16,47.3 2 1
github.com/lukasqw/oficina-tech-ms3-workshop/internal/modules/inventory/application/usecases/update_product.go:50.2,50.23 1 6
github.com/lukasqw/oficina-tech-ms3-workshop/internal/modules/inventory/application/usecases/update_product.go:50.23,52.17 2 4
github.com/lukasqw/oficina-tech-ms3-workshop/internal/modules/inventory/application/usecases/update_product.go:52.17,55.4 2 1
github.com/lukasqw/oficina-tech-ms3-workshop/internal/modules/inventory/application/usecases/update_product.go:58.2,58.30 1 5
github.com/lukasqw/oficina-tech-ms3-workshop/internal/modules/inventory/application/usecases/update_product.go:58.30,60.17 2 1
github.com/lukasqw/oficina-tech-ms3-workshop/internal/modules/inventory/application/usecases/update_product.go:60.17,63.4 2 0
github.com/lukasqw/oficina-tech-ms3-workshop/internal/modules/inventory/application/usecases/update_product.go:66.2,66.24 1 5
github.com/lukasqw/oficina-tech-ms3-workshop/internal/modules/inventory/application/usecases/update_product.go:66.24,68.17 2 2
github.com/lukasqw/oficina-tech-ms3-workshop/internal/modules/inventory/application/usecases/update_product.go:68.17,71.4 2 1
github.com/lukasqw/oficina-tech-ms3-workshop/internal/modules/inventory/application/usecases/update_product.go:74.2,74.30 1 4
github.com/lukasqw/oficina-tech-ms3-workshop/internal/modules/inventory/application/usecases/update_product.go:74.30,77.17 2 2
github.com/lukasqw/oficina-tech-ms3-workshop/internal/modules/inventory/application/usecases/update_product.go:77.17,80.4 2 1
github.com/lukasqw/oficina-tech-ms3-workshop/internal/modules/inventory/application/usecases/update_product.go:81.3,81.49 1 1
github.com/lukasqw/oficina-tech-ms3-workshop/internal/modules/inventory/application/usecases/update_product.go:85.2,86.16 2 3
github.com/lukasqw/oficina-tech-ms3-workshop/internal/modules/inventory/application/usecases/update_product.go:86.16,89.3 2 1
github.com/lukasqw/oficina-tech-ms3-workshop/internal/modules/inventory/application/usecases/update_product.go:91.2,91.12 1 2
github.com/lukasqw/oficina-tech-ms3-workshop/internal/modules/service_catalog/module.go:22.83,26.2 1 0
github.com/lukasqw/oficina-tech-ms3-workshop/internal/modules/service_catalog/module.go:29.108,34.16 2 0
github.com/lukasqw/oficina-tech-ms3-workshop/internal/modules/service_catalog/module.go:34.16,36.3 1 0
github.com/lukasqw/oficina-tech-ms3-workshop/internal/modules/service_catalog/module.go:39.2,44.8 1 0
github.com/lukasqw/oficina-tech-ms3-workshop/internal/modules/inventory/domain/inventory/inventory.go:22.57,23.21 1 4
github.com/lukasqw/oficina-tech-ms3-workshop/internal/modules/inventory/domain/inventory/inventory.go:23.21,25.3 1 1
github.com/lukasqw/oficina-tech-ms3-workshop/internal/modules/inventory/domain/inventory/inventory.go:28.2,28.49 1 3
github.com/lukasqw/oficina-tech-ms3-workshop/internal/modules/inventory/domain/inventory/inventory.go:28.49,30.3 1 1
github.com/lukasqw/oficina-tech-ms3-workshop/internal/modules/inventory/domain/inventory/inventory.go:32.2,40.8 2 2
github.com/lukasqw/oficina-tech-ms3-workshop/internal/modules/inventory/domain/inventory/inventory.go:53.23,54.14 1 42
github.com/lukasqw/oficina-tech-ms3-workshop/internal/modules/inventory/domain/inventory/inventory.go:54.14,56.3 1 1
github.com/lukasqw/oficina-tech-ms3-workshop/internal/modules/inventory/domain/inventory/inventory.go:57.2,57.21 1 41
github.com/lukasqw/oficina-tech-ms3-workshop/internal/modules/inventory/domain/inventory/inventory.go:57.21,59.3 1 1
github.com/lukasqw/oficina-tech-ms3-workshop/internal/modules/inventory/domain/inventory/inventory.go:60.2,60.74 1 40
github.com/lukasqw/oficina-tech-ms3-workshop/internal/modules/inventory/domain/inventory/inventory.go:60.74,62.3 1 3
github.com/lukasqw/oficina-tech-ms3-workshop/internal/modules/inventory/domain/inventory/inventory.go:64.2,73.8 1 37
github.com/lukasqw/oficina-tech-ms3-workshop/internal/modules/inventory/domain/inventory/inventory.go:78.33,80.2 1 2
github.com/lukasqw/oficina-tech-ms3-workshop/internal/modules/inventory/domain/inventory/inventory.go:82.40,84.2 1 2
github.com/lukasqw/oficina-tech-ms3-workshop/internal/modules/inventory/domain/inventory/inventory.go:86.45,88.2 1 32
github.com/lukasqw/oficina-tech-ms3-workshop/internal/modules/inventory/domain/inventory/inventory.go:90.44,92.2 1 31
github.com/lukasqw/oficina-tech-ms3-workshop/internal/modules/inventory/domain/inventory/inventory.go:94.43,96.2 1 27
github.com/lukasqw/oficina-tech-ms3-workshop/internal/modules/inventory/domain/inventory/inventory.go:98.43,100.2 1 0
github.com/lukasqw/oficina-tech-ms3-workshop/internal/modules/inventory/domain/inventory/inventory.go:102.43,104.2 1 0
github.com/lukasqw/oficina-tech-ms3-workshop/internal/modules/inventory/domain/inventory/inventory.go:106.44,108.2 1 0
github.com/lukasqw/oficina-tech-ms3-workshop/internal/modules/inventory/domain/inventory/inventory.go:110.38,112.2 1 2
github.com/lukasqw/oficina-tech-ms3-workshop/internal/modules/inventory/domain/inventory/inventory.go:115.44,116.14 1 3
github.com/lukasqw/oficina-tech-ms3-workshop/internal/modules/inventory/domain/inventory/inventory.go:116.14,118.3 1 1
github.com/lukasqw/oficina-tech-ms3-workshop/internal/modules/inventory/domain/inventory/inventory.go:119.2,119.42 1 2
github.com/lukasqw/oficina-tech-ms3-workshop/internal/modules/inventory/domain/inventory/inventory.go:119.42,121.3 1 1
github.com/lukasqw/oficina-tech-ms3-workshop/internal/modules/inventory/domain/inventory/inventory.go:122.2,123.12 2 1
github.com/lukasqw/oficina-tech-ms3-workshop/internal/modules/inventory/domain/inventory/inventory.go:128.56,129.19 1 5
github.com/lukasqw/oficina-tech-ms3-workshop/internal/modules/inventory/domain/inventory/inventory.go:129.19,131.3 1 2
github.com/lukasqw/oficina-tech-ms3-workshop/internal/modules/inventory/domain/inventory/inventory.go:133.2,134.27 2 3
github.com/lukasqw/oficina-tech-ms3-workshop/internal/modules/inventory/domain/inventory/inventory.go:134.27,136.3 1 1
github.com/lukasqw/oficina-tech-ms3-workshop/internal/modules/inventory/domain/inventory/inventory.go:138.2,141.38 2 2
github.com/lukasqw/oficina-tech-ms3-workshop/internal/modules/inventory/domain/inventory/inventory.go:141.38,143.3 1 1
github.com/lukasqw/oficina-tech-ms3-workshop/internal/modules/inventory/domain/inventory/inventory.go:143.8,150.3 4 1
github.com/lukasqw/oficina-tech-ms3-workshop/internal/modules/inventory/domain/inventory/inventory.go:152.2,153.12 2 2
github.com/lukasqw/oficina-tech-ms3-workshop/internal/modules/inventory/domain/inventory/inventory.go:157.58,158.19 1 4
github.com/lukasqw/oficina-tech-ms3-workshop/internal/modules/inventory/domain/inventory/inventory.go:158.19,160.3 1 2
github.com/lukasqw/oficina-tech-ms3-workshop/internal/modules/inventory/domain/inventory/inventory.go:162.2,162.35 1 2
github.com/lukasqw/oficina-tech-ms3-workshop/internal/modules/inventory/domain/inventory/inventory.go:162.35,164.3 1 1
github.com/lukasqw/oficina-tech-ms3-workshop/internal/modules/inventory/domain/inventory/inventory.go:166.2,168.12 3 1
github.com/lukasqw/oficina-tech-ms3-workshop/internal/modules/inventory/domain/inventory/inventory.go:172.59,173.19 1 4
github.com/lukasqw/oficina-tech-ms3-workshop/internal/modules/inventory/domain/inventory/inventory.go:173.19,175.3 1 2
github.com/lukasqw/oficina-tech-ms3-workshop/internal/modules/inventory/domain/inventory/inventory.go:177.2,177.36 1 2
github.com/lukasqw/oficina-tech-ms3-workshop/internal/modules/inventory/domain/inventory/inventory.go:177.36,179.3 1 1
github.com/lukasqw/oficina-tech-ms3-workshop/internal/modules/inventory/domain/inventory/inventory.go:181.2,183.12 3 1
github.com/lukasqw/oficina-tech-ms3-workshop/internal/modules/inventory/domain/inventory/inventory.go:188.49,189.19 1 5
github.com/lukasqw/oficina-tech-ms3-workshop/internal/modules/inventory/domain/inventory/inventory.go:189.19,191.3 1 2
github.com/lukasqw/oficina-tech-ms3-workshop/internal/modules/inventory/domain/inventory/inventory.go:193.2,193.37 1 3
github.com/lukasqw/oficina-tech-ms3-workshop/internal/modules/inventory/domain/inventory/inventory.go:193.37,197.3 2 1
github.com/lukasqw/oficina-tech-ms3-workshop/internal/modules/inventory/domain/inventory/inventory.go:197.8,203.3 4 2
github.com/lukasqw/oficina-tech-ms3-workshop/internal/modules/inventory/domain/inventory/inventory.go:205.2,206.12 2 3
github.com/lukasqw/oficina-tech-ms3-workshop/internal/modules/inventory/domain/inventory/inventory.go:210.50,211.19 1 5
github.com/lukasqw/oficina-tech-ms3-workshop/internal/modules/inventory/domain/inventory/inventory.go:211.19,213.3 1 2
github.com/lukasqw/oficina-tech-ms3-workshop/internal/modules/inventory/domain/inventory/inventory.go:215.2,215.27 1 3
github.com/lukasqw/oficina-tech-ms3-workshop/internal/modules/inventory/domain/inventory/inventory.go:215.27,216.36 1 2
github.com/lukasqw/oficina-tech-ms3-workshop/internal/modules/inventory/domain/inventory/inventory.go:216.36,220.4 2 1
github.com/lukasqw/oficina-tech-ms3-workshop/internal/modules/inventory/domain/inventory/inventory.go:220.9,226.4 4 1
github.com/lukasqw/oficina-tech-ms3-workshop/internal/modules/inventory/domain/inventory/inventory.go:227.8,230.3 1 1
github.com/lukasqw/oficina-tech-ms3-workshop/internal/modules/inventory/domain/inventory/inventory.go:232.2,233.12 2 3
github.com/lukasqw/oficina-tech-ms3-workshop/internal/modules/inventory/domain/inventory/inventory.go:237.56,238.19 1 6
github.com/lukasqw/oficina-tech-ms3-workshop/internal/modules/inventory/domain/inventory/inventory.go:238.19,240.3 1 2
github.com/lukasqw/oficina-tech-ms3-workshop/internal/modules/inventory/domain/inventory/inventory.go:242.2,243.30 2 4
github.com/lukasqw/oficina-tech-ms3-workshop/internal/modules/inventory/domain/inventory/inventory.go:243.30,245.3 1 1
github.com/lukasqw/oficina-tech-ms3-workshop/internal/modules/inventory/domain/inventory/inventory.go:247.2,247.35 1 3
github.com/lukasqw/oficina-tech-ms3-workshop/internal/modules/inventory/domain/inventory/inventory.go:247.35,250.3 1 1
github.com/lukasqw/oficina-tech-ms3-workshop/internal/modules/inventory/domain/inventory/inventory.go:250.8,256.3 4 2
github.com/lukasqw/oficina-tech-ms3-workshop/internal/modules/inventory/domain/inventory/inventory.go:258.2,259.12 2 3
github.com/lukasqw/oficina-tech-ms3-workshop/internal/modules/inventory/domain/inventory/inventory.go:263.57,264.19 1 5
github.com/lukasqw/oficina-tech-ms3-workshop/internal/modules/inventory/domain/inventory/inventory.go:264.19,266.3 1 2
github.com/lukasqw/oficina-tech-ms3-workshop/internal/modules/inventory/domain/inventory/inventory.go:268.2,268.27 1 3
github.com/lukasqw/oficina-tech-ms3-workshop/internal/modules/inventory/domain/inventory/inventory.go:268.27,269.36 1 2
github.com/lukasqw/oficina-tech-ms3-workshop/internal/modules/inventory/domain/inventory/inventory.go:269.36,273.4 2 1
github.com/lukasqw/oficina-tech-ms3-workshop/internal/modules/inventory/domain/inventory/inventory.go:273.9,279.4 4 1
github.com/lukasqw/oficina-tech-ms3-workshop/internal/modules/inventory/domain/inventory/inventory.go:280.8,283.3 1 1
github.com/lukasqw/oficina-tech-ms3-workshop/internal/modules/inventory/domain/inventory/inventory.go:285.2,286.12 2 3
github.com/lukasqw/oficina-tech-ms3-workshop/internal/modules/service_catalog/infra/http/routes.go:10.168,12.62 1 0
github.com/lukasqw/oficina-tech-ms3-workshop/internal/modules/service_catalog/infra/http/routes.go:12.62,15.3 1 0
github.com/lukasqw/oficina-tech-ms3-workshop/internal/modules/service_catalog/infra/http/routes.go:18.2,18.63 1 0
github.com/lukasqw/oficina-tech-ms3-workshop/internal/modules/service_catalog/infra/http/routes.go:18.63,21.3 1 0
github.com/lukasqw/oficina-tech-ms3-workshop/internal/modules/service_catalog/infra/http/routes.go:24.2,28.100 5 0
github.com/lukasqw/oficina-tech-ms3-workshop/internal/modules/inventory/domain/product/product.go:22.97,25.38 2 34
github.com/lukasqw/oficina-tech-ms3-workshop/internal/modules/inventory/domain/product/product.go:25.38,27.3 1 4
github.com/lukasqw/oficina-tech-ms3-workshop/internal/modules/inventory/domain/product/product.go:30.2,30.29 1 30
github.com/lukasqw/oficina-tech-ms3-workshop/internal/modules/inventory/domain/product/product.go:30.29,32.3 1 1
github.com/lukasqw/oficina-tech-ms3-workshop/internal/modules/inventory/domain/product/product.go:35.2,35.16 1 29
github.com/lukasqw/oficina-tech-ms3-workshop/internal/modules/inventory/domain/product/product.go:35.16,37.3 1 2
github.com/lukasqw/oficina-tech-ms3-workshop/internal/modules/inventory/domain/product/product.go:39.2,47.8 2 27
github.com/lukasqw/oficina-tech-ms3-workshop/internal/modules/inventory/domain/product/product.go:58.21,60.47 1 5
github.com/lukasqw/oficina-tech-ms3-workshop/internal/modules/inventory/domain/product/product.go:60.47,62.3 1 2
github.com/lukasqw/oficina-tech-ms3-workshop/internal/modules/inventory/domain/product/product.go:64.2,73.8 1 3
github.com/lukasqw/oficina-tech-ms3-workshop/internal/modules/inventory/domain/product/product.go:79.31,81.2 1 9
github.com/lukasqw/oficina-tech-ms3-workshop/internal/modules/inventory/domain/product/product.go:84.33,86.2 1 14
github.com/lukasqw/oficina-tech-ms3-workshop/internal/modules/inventory/domain/product/product.go:89.40,91.2 1 11
github.com/lukasqw/oficina-tech-ms3-workshop/internal/modules/inventory/domain/product/product.go:94.31,96.2 1 11
github.com/lukasqw/oficina-tech-ms3-workshop/internal/modules/inventory/domain/product/product.go:99.45,101.2 1 9
github.com/lukasqw/oficina-tech-ms3-workshop/internal/modules/inventory/domain/product/product.go:104.41,106.2 1 1
github.com/lukasqw/oficina-tech-ms3-workshop/internal/modules/inventory/domain/product/product.go:109.41,111.2 1 36
github.com/lukasqw/oficina-tech-ms3-workshop/internal/modules/inventory/domain/product/product.go:114.42,116.2 1 5
github.com/lukasqw/oficina-tech-ms3-workshop/internal/modules/inventory/domain/product/product.go:119.36,121.2 1 10
github.com/lukasqw/oficina-tech-ms3-workshop/internal/modules/inventory/domain/product/product.go:124.42,125.47 1 3
github.com/lukasqw/oficina-tech-ms3-workshop/internal/modules/inventory/domain/product/product.go:125.47,127.3 1 2
github.com/lukasqw/oficina-tech-ms3-workshop/internal/modules/inventory/domain/product/product.go:128.2,129.12 2 1
github.com/lukasqw/oficina-tech-ms3-workshop/internal/modules/inventory/domain/product/product.go:135.49,137.38 2 8
github.com/lukasqw/oficina-tech-ms3-workshop/internal/modules/inventory/domain/product/product.go:137.38,139.3 1 4
github.com/lukasqw/oficina-tech-ms3-workshop/internal/modules/inventory/domain/product/product.go:140.2,142.12 3 4
github.com/lukasqw/oficina-tech-ms3-workshop/internal/modules/inventory/domain/product/product.go:146.63,147.29 1 4
github.com/lukasqw/oficina-tech-ms3-workshop/internal/modules/inventory/domain/product/product.go:147.29,149.3 1 1
github.com/lukasqw/oficina-tech-ms3-workshop/internal/modules/inventory/domain/product/product.go:150.2,152.12 3 3
github.com/lukasqw/oficina-tech-ms3-workshop/internal/modules/inventory/domain/product/product.go:156.48,157.16 1 5
github.com/lukasqw/oficina-tech-ms3-workshop/internal/modules/inventory/domain/product/product.go:157.16,159.3 1 2
github.com/lukasqw/oficina-tech-ms3-workshop/internal/modules/inventory/domain/product/product.go:160.2,162.12 3 3
github.com/lukasqw/oficina-tech-ms3-workshop/internal/modules/inventory/domain/product/product.go:166.62,169.2 2 3
github.com/lukasqw/oficina-tech-ms3-workshop/internal/modules/inventory/domain/product/product.go:172.35,176.2 3 1
github.com/lukasqw/oficina-tech-ms3-workshop/internal/modules/inventory/domain/product/product_type.go:18.56,19.15 1 30
github.com/lukasqw/oficina-tech-ms3-workshop/internal/modules/inventory/domain/product/product_type.go:20.66,21.40 1 26
github.com/lukasqw/oficina-tech-ms3-workshop/internal/modules/inventory/domain/product/product_type.go:22.10,23.46 1 4
github.com/lukasqw/oficina-tech-ms3-workshop/internal/modules/inventory/domain/product/product_type.go:28.39,30.2 1 3
github.com/lukasqw/oficina-tech-ms3-workshop/internal/modules/inventory/domain/product/product_type.go:33.38,35.2 1 20
github.com/lukasqw/oficina-tech-ms3-workshop/internal/modules/inventory/domain/product/product_type.go:38.53,40.2 1 6
github.com/lukasqw/oficina-tech-ms3-workshop/internal/shared/infra/auth/jwt_service.go:34.38,36.21 2 0
github.com/lukasqw/oficina-tech-ms3-workshop/internal/shared/infra/auth/jwt_service.go:36.21,37.58 1 0
github.com/lukasqw/oficina-tech-ms3-workshop/internal/shared/infra/auth/jwt_service.go:40.2,40.54 1 0
github.com/lukasqw/oficina-tech-ms3-workshop/internal/shared/infra/auth/jwt_service.go:43.82,44.110 1 0
github.com/lukasqw/oficina-tech-ms3-workshop/internal/shared/infra/auth/jwt_service.go:44.110,45.58 1 0
github.com/lukasqw/oficina-tech-ms3-workshop/internal/shared/infra/auth/jwt_service.go:45.58,47.4 1 0
github.com/lukasqw/oficina-tech-ms3-workshop/internal/shared/infra/auth/jwt_service.go:48.3,48.26 1 0
github.com/lukasqw/oficina-tech-ms3-workshop/internal/shared/infra/auth/jwt_service.go:50.2,50.16 1 0
github.com/lukasqw/oficina-tech-ms3-workshop/internal/shared/infra/auth/jwt_service.go:50.16,52.3 1 0
github.com/lukasqw/oficina-tech-ms3-workshop/internal/shared/infra/auth/jwt_service.go:54.2,55.25 2 0
github.com/lukasqw/oficina-tech-ms3-workshop/internal/shared/infra/auth/jwt_service.go:55.25,57.3 1 0
github.com/lukasqw/oficina-tech-ms3-workshop/internal/shared/infra/auth/jwt_service.go:59.2,64.8 1 0
github.com/lukasqw/oficina-tech-ms3-workshop/internal/shared/infra/awsconfig/config.go:12.52,20.23 4 0
github.com/lukasqw/oficina-tech-ms3-workshop/internal/shared/infra/awsconfig/config.go:20.23,24.80 1 0
github.com/lukasqw/oficina-tech-ms3-workshop/internal/shared/infra/awsconfig/config.go:24.80,30.6 1 0
github.com/lukasqw/oficina-tech-ms3-workshop/internal/shared/infra/awsconfig/config.go:35.2,35.47 1 0
github.com/lukasqw/oficina-tech-ms3-workshop/internal/shared/infra/awsconfig/config.go:38.45,39.31 1 0
github.com/lukasqw/oficina-tech-ms3-workshop/internal/shared/infra/awsconfig/config.go:39.31,40.18 1 0
github.com/lukasqw/oficina-tech-ms3-workshop/internal/shared/infra/awsconfig/config.go:40.18,42.4 1 0
github.com/lukasqw/oficina-tech-ms3-workshop/internal/shared/infra/awsconfig/config.go:44.2,44.11 1 0
github.com/lukasqw/oficina-tech-ms3-workshop/internal/modules/inventory/infra/http/handlers/inventory_handler.go:29.112,43.2 1 47
github.com/lukasqw/oficina-tech-ms3-workshop/internal/modules/inventory/infra/http/handlers/inventory_handler.go:60.84,66.54 4 4
github.com/lukasqw/oficina-tech-ms3-workshop/internal/modules/inventory/infra/http/handlers/inventory_handler.go:66.54,69.3 2 1
github.com/lukasqw/oficina-tech-ms3-workshop/internal/modules/inventory/infra/http/handlers/inventory_handler.go:71.2,76.16 3 3
github.com/lukasqw/oficina-tech-ms3-workshop/internal/modules/inventory/infra/http/handlers/inventory_handler.go:76.16,81.3 4 2
github.com/lukasqw/oficina-tech-ms3-workshop/internal/modules/inventory/infra/http/handlers/inventory_handler.go:83.2,92.55 2 1
github.com/lukasqw/oficina-tech-ms3-workshop/internal/modules/inventory/infra/http/handlers/inventory_handler.go:111.90,117.54 4 3
github.com/lukasqw/oficina-tech-ms3-workshop/internal/modules/inventory/infra/http/handlers/inventory_handler.go:117.54,120.3 2 1
github.com/lukasqw/oficina-tech-ms3-workshop/internal/modules/inventory/infra/http/handlers/inventory_handler.go:122.2,127.16 3 2
github.com/lukasqw/oficina-tech-ms3-workshop/internal/modules/inventory/infra/http/handlers/inventory_handler.go:127.16,132.3 4 1
github.com/lukasqw/oficina-tech-ms3-workshop/internal/modules/inventory/infra/http/handlers/inventory_handler.go:134.2,143.50 2 1
github.com/lukasqw/oficina-tech-ms3-workshop/internal/modules/inventory/infra/http/handlers/inventory_handler.go:147.84,153.54 4 4
github.com/lukasqw/oficina-tech-ms3-workshop/internal/modules/inventory/infra/http/handlers/inventory_handler.go:153.54,156.3 2 1
github.com/lukasqw/oficina-tech-ms3-workshop/internal/modules/inventory/infra/http/handlers/inventory_handler.go:159.2,164.16 3 3
github.com/lukasqw/oficina-tech-ms3-workshop/internal/modules/inventory/infra/http/handlers/inventory_handler.go:164.16,169.3 4 1
github.com/lukasqw/oficina-tech-ms3-workshop/internal/modules/inventory/infra/http/handlers/inventory_handler.go:172.2,176.70 2 2
github.com/lukasqw/oficina-tech-ms3-workshop/internal/modules/inventory/infra/http/handlers/inventory_handler.go:176.70,181.3 4 1
github.com/lukasqw/oficina-tech-ms3-workshop/internal/modules/inventory/infra/http/handlers/inventory_handler.go:183.2,183.104 1 1
github.com/lukasqw/oficina-tech-ms3-workshop/internal/modules/inventory/infra/http/handlers/inventory_handler.go:202.83,208.54 4 6
github.com/lukasqw/oficina-tech-ms3-workshop/internal/modules/inventory/infra/http/handlers/inventory_handler.go:208.54,211.3 2 1
github.com/lukasqw/oficina-tech-ms3-workshop/internal/modules/inventory/infra/http/handlers/inventory_handler.go:213.2,214.61 2 5
github.com/lukasqw/oficina-tech-ms3-workshop/internal/modules/inventory/infra/http/handlers/inventory_handler.go:214.61,217.3 2 1
github.com/lukasqw/oficina-tech-ms3-workshop/internal/modules/inventory/infra/http/handlers/inventory_handler.go:219.2,219.56 1 4
github.com/lukasqw/oficina-tech-ms3-workshop/internal/modules/inventory/infra/http/handlers/inventory_handler.go:219.56,222.3 2 1
github.com/lukasqw/oficina-tech-ms3-workshop/internal/modules/inventory/infra/http/handlers/inventory_handler.go:224.2,230.16 3 3
github.com/lukasqw/oficina-tech-ms3-workshop/internal/modules/inventory/infra/http/handlers/inventory_handler.go:230.16,235.3 4 2
github.com/lukasqw/oficina-tech-ms3-workshop/internal/modules/inventory/infra/http/handlers/inventory_handler.go:237.2,246.50 2 1
github.com/lukasqw/oficina-tech-ms3-workshop/internal/modules/inventory/infra/http/handlers/inventory_handler.go:265.85,271.54 4 5
github.com/lukasqw/oficina-tech-ms3-workshop/internal/modules/inventory/infra/http/handlers/inventory_handler.go:271.54,274.3 2 1
github.com/lukasqw/oficina-tech-ms3-workshop/internal/modules/inventory/infra/http/handlers/inventory_handler.go:276.2,277.61 2 4
github.com/lukasqw/oficina-tech-ms3-workshop/internal/modules/inventory/infra/http/handlers/inventory_handler.go:277.61,280.3 2 1
github.com/lukasqw/oficina-tech-ms3-workshop/internal/modules/inventory/infra/http/handlers/inventory_handler.go:282.2,282.56 1 3
github.com/lukasqw/oficina-tech-ms3-workshop/internal/modules/inventory/infra/http/handlers/inventory_handler.go:282.56,285.3 2 0
github.com/lukasqw/oficina-tech-ms3-workshop/internal/modules/inventory/infra/http/handlers/inventory_handler.go:287.2,293.16 3 3
github.com/lukasqw/oficina-tech-ms3-workshop/internal/modules/inventory/infra/http/handlers/inventory_handler.go:293.16,298.3 4 2
github.com/lukasqw/oficina-tech-ms3-workshop/internal/modules/inventory/infra/http/handlers/inventory_handler.go:300.2,309.50 2 1
github.com/lukasqw/oficina-tech-ms3-workshop/internal/modules/inventory/infra/http/handlers/inventory_handler.go:313.86,319.54 4 5
github.com/lukasqw/oficina-tech-ms3-workshop/internal/modules/inventory/infra/http/handlers/inventory_handler.go:319.54,322.3 2 1
github.com/lukasqw/oficina-tech-ms3-workshop/internal/modules/inventory/infra/http/handlers/inventory_handler.go:324.2,325.61 2 4
github.com/lukasqw/oficina-tech-ms3-workshop/internal/modules/inventory/infra/http/handlers/inventory_handler.go:325.61,328.3 2 1
github.com/lukasqw/oficina-tech-ms3-workshop/internal/modules/inventory/infra/http/handlers/inventory_handler.go:330.2,330.56 1 3
github.com/lukasqw/oficina-tech-ms3-workshop/internal/modules/inventory/infra/http/handlers/inventory_handler.go:330.56,333.3 2 0
github.com/lukasqw/oficina-tech-ms3-workshop/internal/modules/inventory/infra/http/handlers/inventory_handler.go:335.2,341.16 3 3
github.com/lukasqw/oficina-tech-ms3-workshop/internal/modules/inventory/infra/http/handlers/inventory_handler.go:341.16,346.3 4 2
github.com/lukasqw/oficina-tech-ms3-workshop/internal/modules/inventory/infra/http/handlers/inventory_handler.go:348.2,357.50 2 1
github.com/lukasqw/oficina-tech-ms3-workshop/internal/modules/inventory/infra/http/handlers/inventory_handler.go:376.76,382.54 4 5
github.com/lukasqw/oficina-tech-ms3-workshop/internal/modules/inventory/infra/http/handlers/inventory_handler.go:382.54,385.3 2 1
github.com/lukasqw/oficina-tech-ms3-workshop/internal/modules/inventory/infra/http/handlers/inventory_handler.go:387.2,388.61 2 4
github.com/lukasqw/oficina-tech-ms3-workshop/internal/modules/inventory/infra/http/handlers/inventory_handler.go:388.61,391.3 2 1
github.com/lukasqw/oficina-tech-ms3-workshop/internal/modules/inventory/infra/http/handlers/inventory_handler.go:393.2,393.56 1 3
github.com/lukasqw/oficina-tech-ms3-workshop/internal/modules/inventory/infra/http/handlers/inventory_handler.go:393.56,396.3 2 0
github.com/lukasqw/oficina-tech-ms3-workshop/internal/modules/inventory/infra/http/handlers/inventory_handler.go:398.2,404.16 3 3
github.com/lukasqw/oficina-tech-ms3-workshop/internal/modules/inventory/infra/http/handlers/inventory_handler.go:404.16,409.3 4 1
github.com/lukasqw/oficina-tech-ms3-workshop/internal/modules/inventory/infra/http/handlers/inventory_handler.go:411.2,420.50 2 2
github.com/lukasqw/oficina-tech-ms3-workshop/internal/modules/inventory/infra/http/handlers/inventory_handler.go:438.77,444.54 4 5
github.com/lukasqw/oficina-tech-ms3-workshop/internal/modules/inventory/infra/http/handlers/inventory_handler.go:444.54,447.3 2 1
github.com/lukasqw/oficina-tech-ms3-workshop/internal/modules/inventory/infra/http/handlers/inventory_handler.go:449.2,450.61 2 4
github.com/lukasqw/oficina-tech-ms3-workshop/internal/modules/inventory/infra/http/handlers/inventory_handler.go:450.61,453.3 2 1
github.com/lukasqw/oficina-tech-ms3-workshop/internal/modules/inventory/infra/http/handlers/inventory_handler.go:455.2,455.56 1 3
github.com/lukasqw/oficina-tech-ms3-workshop/internal/modules/inventory/infra/http/handlers/inventory_handler.go:455.56,458.3 2 1
github.com/lukasqw/oficina-tech-ms3-workshop/internal/modules/inventory/infra/http/handlers/inventory_handler.go:460.2,466.16 3 2
github.com/lukasqw/oficina-tech-ms3-workshop/internal/modules/inventory/infra/http/handlers/inventory_handler.go:466.16,471.3 4 1
github.com/lukasqw/oficina-tech-ms3-workshop/internal/modules/inventory/infra/http/handlers/inventory_handler.go:473.2,482.50 2 1
github.com/lukasqw/oficina-tech-ms3-workshop/internal/modules/inventory/infra/http/handlers/inventory_handler.go:501.83,507.54 4 5
github.com/lukasqw/oficina-tech-ms3-workshop/internal/modules/inventory/infra/http/handlers/inventory_handler.go:507.54,510.3 2 1
github.com/lukasqw/oficina-tech-ms3-workshop/internal/modules/inventory/infra/http/handlers/inventory_handler.go:512.2,513.61 2 4
github.com/lukasqw/oficina-tech-ms3-workshop/internal/modules/inventory/infra/http/handlers/inventory_handler.go:513.61,516.3 2 1
github.com/lukasqw/oficina-tech-ms3-workshop/internal/modules/inventory/infra/http/handlers/inventory_handler.go:518.2,518.56 1 3
github.com/lukasqw/oficina-tech-ms3-workshop/internal/modules/inventory/infra/http/handlers/inventory_handler.go:518.56,521.3 2 0
github.com/lukasqw/oficina-tech-ms3-workshop/internal/modules/inventory/infra/http/handlers/inventory_handler.go:523.2,529.16 3 3
github.com/lukasqw/oficina-tech-ms3-workshop/internal/modules/inventory/infra/http/handlers/inventory_handler.go:529.16,534.3 4 2
github.com/lukasqw/oficina-tech-ms3-workshop/internal/modules/inventory/infra/http/handlers/inventory_handler.go:536.2,545.50 2 1
github.com/lukasqw/oficina-tech-ms3-workshop/internal/modules/inventory/infra/http/handlers/inventory_handler.go:549.84,555.54 4 5
github.com/lukasqw/oficina-tech-ms3-workshop/internal/modules/inventory/infra/http/handlers/inventory_handler.go:555.54,558.3 2 1
github.com/lukasqw/oficina-tech-ms3-workshop/internal/modules/inventory/infra/http/handlers/inventory_handler.go:560.2,561.61 2 4
github.com/lukasqw/oficina-tech-ms3-workshop/internal/modules/inventory/infra/http/handlers/inventory_handler.go:561.61,564.3 2 1
github.com/lukasqw/oficina-tech-ms3-workshop/internal/modules/inventory/infra/http/handlers/inventory_handler.go:566.2,566.56 1 3
github.com/lukasqw/oficina-tech-ms3-workshop/internal/modules/inventory/infra/http/handlers/inventory_handler.go:566.56,569.3 2 1
github.com/lukasqw/oficina-tech-ms3-workshop/internal/modules/inventory/infra/http/handlers/inventory_handler.go:571.2,577.16 3 2
github.com/lukasqw/oficina-tech-ms3-workshop/internal/modules/inventory/infra/http/handlers/inventory_handler.go:577.16,582.3 4 1
github.com/lukasqw/oficina-tech-ms3-workshop/internal/modules/inventory/infra/http/handlers/inventory_handler.go:584.2,593.50 2 1
github.com/lukasqw/oficina-tech-ms3-workshop/internal/modules/inventory/infra/http/handlers/inventory_handler.go:597.49,598.13 1 16
github.com/lukasqw/oficina-tech-ms3-workshop/internal/modules/inventory/infra/http/handlers/inventory_handler.go:599.38,600.52 1 10
github.com/lukasqw/oficina-tech-ms3-workshop/internal/modules/inventory/infra/http/handlers/inventory_handler.go:601.47,602.61 1 1
github.com/lukasqw/oficina-tech-ms3-workshop/internal/modules/inventory/infra/http/handlers/inventory_handler.go:603.100,604.62 1 0
github.com/lukasqw/oficina-tech-ms3-workshop/internal/modules/inventory/infra/http/handlers/inventory_handler.go:605.109,606.71 1 4
github.com/lukasqw/oficina-tech-ms3-workshop/internal/modules/inventory/infra/http/handlers/inventory_handler.go:607.10,608.68 1 1
github.com/lukasqw/oficina-tech-ms3-workshop/internal/modules/inventory/infra/http/handlers/inventory_handler_test_common.go:10.38,11.43 1 67
github.com/lukasqw/oficina-tech-ms3-workshop/internal/modules/inventory/infra/http/handlers/inventory_handler_test_common.go:11.43,12.35 1 1611
github.com/lukasqw/oficina-tech-ms3-workshop/internal/modules/inventory/infra/http/handlers/inventory_handler_test_common.go:12.35,14.4 1 67
github.com/lukasqw/oficina-tech-ms3-workshop/internal/modules/inventory/infra/http/handlers/inventory_handler_test_common.go:16.2,16.14 1 0
github.com/lukasqw/oficina-tech-ms3-workshop/internal/modules/inventory/infra/http/handlers/inventory_handler_test_common.go:20.103,23.16 3 17
github.com/lukasqw/oficina-tech-ms3-workshop/internal/modules/inventory/infra/http/handlers/inventory_handler_test_common.go:23.16,24.59 1 0
github.com/lukasqw/oficina-tech-ms3-workshop/internal/modules/inventory/infra/http/handlers/inventory_handler_test_common.go:26.2,26.12 1 17
github.com/lukasqw/oficina-tech-ms3-workshop/internal/modules/inventory/infra/http/handlers/inventory_handler_test_common.go:30.115,33.16 3 6
github.com/lukasqw/oficina-tech-ms3-workshop/internal/modules/inventory/infra/http/handlers/inventory_handler_test_common.go:33.16,34.57 1 0
github.com/lukasqw/oficina-tech-ms3-workshop/internal/modules/inventory/infra/http/handlers/inventory_handler_test_common.go:36.2,36.10 1 6
github.com/lukasqw/oficina-tech-ms3-workshop/internal/modules/inventory/infra/http/handlers/product_handler.go:25.108,33.2 1 20
github.com/lukasqw/oficina-tech-ms3-workshop/internal/modules/inventory/infra/http/handlers/product_handler.go:49.80,54.61 4 5
github.com/lukasqw/oficina-tech-ms3-workshop/internal/modules/inventory/infra/http/handlers/product_handler.go:54.61,57.3 2 1
github.com/lukasqw/oficina-tech-ms3-workshop/internal/modules/inventory/infra/http/handlers/product_handler.go:59.2,59.56 1 4
github.com/lukasqw/oficina-tech-ms3-workshop/internal/modules/inventory/infra/http/handlers/product_handler.go:59.56,62.3 2 3
github.com/lukasqw/oficina-tech-ms3-workshop/internal/modules/inventory/infra/http/handlers/product_handler.go:64.2,72.16 3 1
github.com/lukasqw/oficina-tech-ms3-workshop/internal/modules/inventory/infra/http/handlers/product_handler.go:72.16,77.3 4 0
github.com/lukasqw/oficina-tech-ms3-workshop/internal/modules/inventory/infra/http/handlers/product_handler.go:79.2,89.55 2 1
github.com/lukasqw/oficina-tech-ms3-workshop/internal/modules/inventory/infra/http/handlers/product_handler.go:93.81,98.16 4 2
github.com/lukasqw/oficina-tech-ms3-workshop/internal/modules/inventory/infra/http/handlers/product_handler.go:98.16,103.3 4 0
github.com/lukasqw/oficina-tech-ms3-workshop/internal/modules/inventory/infra/http/handlers/product_handler.go:105.2,106.36 2 2
github.com/lukasqw/oficina-tech-ms3-workshop/internal/modules/inventory/infra/http/handlers/product_handler.go:106.36,116.3 1 2
github.com/lukasqw/oficina-tech-ms3-workshop/internal/modules/inventory/infra/http/handlers/product_handler.go:118.2,118.50 1 2
github.com/lukasqw/oficina-tech-ms3-workshop/internal/modules/inventory/infra/http/handlers/product_handler.go:135.81,142.47 4 3
github.com/lukasqw/oficina-tech-ms3-workshop/internal/modules/inventory/infra/http/handlers/product_handler.go:142.47,145.3 2 1
github.com/lukasqw/oficina-tech-ms3-workshop/internal/modules/inventory/infra/http/handlers/product_handler.go:147.2,152.16 3 2
github.com/lukasqw/oficina-tech-ms3-workshop/internal/modules/inventory/infra/http/handlers/product_handler.go:152.16,157.3 4 1
github.com/lukasqw/oficina-tech-ms3-workshop/internal/modules/inventory/infra/http/handlers/product_handler.go:159.2,169.50 2 1
github.com/lukasqw/oficina-tech-ms3-workshop/internal/modules/inventory/infra/http/handlers/product_handler.go:187.80,194.47 4 6
github.com/lukasqw/oficina-tech-ms3-workshop/internal/modules/inventory/infra/http/handlers/product_handler.go:194.47,197.3 2 1
github.com/lukasqw/oficina-tech-ms3-workshop/internal/modules/inventory/infra/http/handlers/product_handler.go:199.2,200.61 2 5
github.com/lukasqw/oficina-tech-ms3-workshop/internal/modules/inventory/infra/http/handlers/product_handler.go:200.61,203.3 2 1
github.com/lukasqw/oficina-tech-ms3-workshop/internal/modules/inventory/infra/http/handlers/product_handler.go:205.2,205.56 1 4
github.com/lukasqw/oficina-tech-ms3-workshop/internal/modules/inventory/infra/http/handlers/product_handler.go:205.56,208.3 2 0
github.com/lukasqw/oficina-tech-ms3-workshop/internal/modules/inventory/infra/http/handlers/product_handler.go:210.2,218.62 2 4
github.com/lukasqw/oficina-tech-ms3-workshop/internal/modules/inventory/infra/http/handlers/product_handler.go:218.62,223.3 4 3
github.com/lukasqw/oficina-tech-ms3-workshop/internal/modules/inventory/infra/http/handlers/product_handler.go:225.2,225.102 1 1
github.com/lukasqw/oficina-tech-ms3-workshop/internal/modules/inventory/infra/http/handlers/product_handler.go:242.80,249.47 4 4
github.com/lukasqw/oficina-tech-ms3-workshop/internal/modules/inventory/infra/http/handlers/product_handler.go:249.47,252.3 2 1
github.com/lukasqw/oficina-tech-ms3-workshop/internal/modules/inventory/infra/http/handlers/product_handler.go:254.2,258.62 2 3
github.com/lukasqw/oficina-tech-ms3-workshop/internal/modules/inventory/infra/http/handlers/product_handler.go:258.62,263.3 4 1
github.com/lukasqw/oficina-tech-ms3-workshop/internal/modules/inventory/infra/http/handlers/product_handler.go:265.2,265.102 1 2
github.com/lukasqw/oficina-tech-ms3-workshop/internal/modules/inventory/infra/persistence/inventory_model.go:24.42,26.2 1 24
github.com/lukasqw/oficina-tech-ms3-workshop/internal/modules/inventory/infra/persistence/inventory_model.go:29.67,31.23 2 13
github.com/lukasqw/oficina-tech-ms3-workshop/internal/modules/inventory/infra/persistence/inventory_model.go:31.23,33.3 1 1
github.com/lukasqw/oficina-tech-ms3-workshop/internal/modules/inventory/infra/persistence/inventory_model.go:35.2,44.3 1 13
github.com/lukasqw/oficina-tech-ms3-workshop/internal/modules/inventory/infra/persistence/inventory_model.go:48.77,52.20 3 19
github.com/lukasqw/oficina-tech-ms3-workshop/internal/modules/inventory/infra/persistence/inventory_model.go:52.20,54.17 2 2
github.com/lukasqw/oficina-tech-ms3-workshop/internal/modules/inventory/infra/persistence/inventory_model.go:54.17,56.4 1 0
github.com/lukasqw/oficina-tech-ms3-workshop/internal/modules/inventory/infra/persistence/inventory_model.go:60.2,61.16 2 19
github.com/lukasqw/oficina-tech-ms3-workshop/internal/modules/inventory/infra/persistence/inventory_model.go:61.16,63.3 1 0
github.com/lukasqw/oficina-tech-ms3-workshop/internal/modules/inventory/infra/persistence/inventory_model.go:65.2,75.28 2 19
github.com/lukasqw/oficina-tech-ms3-workshop/internal/modules/inventory/infra/persistence/inventory_model.go:75.28,80.3 1 0
github.com/lukasqw/oficina-tech-ms3-workshop/internal/modules/inventory/infra/persistence/inventory_model.go:82.2,82.19 1 19
github.com/lukasqw/oficina-tech-ms3-workshop/internal/modules/inventory/infra/persistence/inventory_repository.go:18.63,20.2 1 33
github.com/lukasqw/oficina-tech-ms3-workshop/internal/modules/inventory/infra/persistence/inventory_repository.go:23.93,25.16 2 16
github.com/lukasqw/oficina-tech-ms3-workshop/internal/modules/inventory/infra/persistence/inventory_repository.go:25.16,27.3 1 0
github.com/lukasqw/oficina-tech-ms3-workshop/internal/modules/inventory/infra/persistence/inventory_repository.go:30.2,30.20 1 16
github.com/lukasqw/oficina-tech-ms3-workshop/internal/modules/inventory/infra/persistence/inventory_repository.go:30.20,33.67 2 15
github.com/lukasqw/oficina-tech-ms3-workshop/internal/modules/inventory/infra/persistence/inventory_repository.go:33.67,35.4 1 0
github.com/lukasqw/oficina-tech-ms3-workshop/internal/modules/inventory/infra/persistence/inventory_repository.go:36.3,36.54 1 15
github.com/lukasqw/oficina-tech-ms3-workshop/internal/modules/inventory/infra/persistence/inventory_repository.go:36.54,38.4 1 0
github.com/lukasqw/oficina-tech-ms3-workshop/internal/modules/inventory/infra/persistence/inventory_repository.go:39.8,40.65 1 1
github.com/lukasqw/oficina-tech-ms3-workshop/internal/modules/inventory/infra/persistence/inventory_repository.go:40.65,42.4 1 0
github.com/lukasqw/oficina-tech-ms3-workshop/internal/modules/inventory/infra/persistence/inventory_repository.go:45.2,45.12 1 16
github.com/lukasqw/oficina-tech-ms3-workshop/internal/modules/inventory/infra/persistence/inventory_repository.go:49.106,51.16 2 9
github.com/lukasqw/oficina-tech-ms3-workshop/internal/modules/inventory/infra/persistence/inventory_repository.go:51.16,53.3 1 2
github.com/lukasqw/oficina-tech-ms3-workshop/internal/modules/inventory/infra/persistence/inventory_repository.go:55.2,56.81 2 7
github.com/lukasqw/oficina-tech-ms3-workshop/internal/modules/inventory/infra/persistence/inventory_repository.go:56.81,57.45 1 2
github.com/lukasqw/oficina-tech-ms3-workshop/internal/modules/inventory/infra/persistence/inventory_repository.go:57.45,59.4 1 2
github.com/lukasqw/oficina-tech-ms3-workshop/internal/modules/inventory/infra/persistence/inventory_repository.go:60.3,60.18 1 0
github.com/lukasqw/oficina-tech-ms3-workshop/internal/modules/inventory/infra/persistence/inventory_repository.go:63.2,63.25 1 5
github.com/lukasqw/oficina-tech-ms3-workshop/internal/modules/inventory/infra/persistence/inventory_repository.go:67.120,69.16 2 4
github.com/lukasqw/oficina-tech-ms3-workshop/internal/modules/inventory/infra/persistence/inventory_repository.go:69.16,71.3 1 2
github.com/lukasqw/oficina-tech-ms3-workshop/internal/modules/inventory/infra/persistence/inventory_repository.go:73.2,74.89 2 2
github.com/lukasqw/oficina-tech-ms3-workshop/internal/modules/inventory/infra/persistence/inventory_repository.go:74.89,75.45 1 1
github.com/lukasqw/oficina-tech-ms3-workshop/internal/modules/inventory/infra/persistence/inventory_repository.go:75.45,77.4 1 1
github.com/lukasqw/oficina-tech-ms3-workshop/internal/modules/inventory/infra/persistence/inventory_repository.go:78.3,78.18 1 0
github.com/lukasqw/oficina-tech-ms3-workshop/internal/modules/inventory/infra/persistence/inventory_repository.go:81.2,81.25 1 1
github.com/lukasqw/oficina-tech-ms3-workshop/internal/modules/inventory/infra/persistence/inventory_repository.go:85.96,87.66 2 3
github.com/lukasqw/oficina-tech-ms3-workshop/internal/modules/inventory/infra/persistence/inventory_repository.go:87.66,89.3 1 0
github.com/lukasqw/oficina-tech-ms3-workshop/internal/modules/inventory/infra/persistence/inventory_repository.go:91.2,92.31 2 3
github.com/lukasqw/oficina-tech-ms3-workshop/internal/modules/inventory/infra/persistence/inventory_repository.go:92.31,94.17 2 4
github.com/lukasqw/oficina-tech-ms3-workshop/internal/modules/inventory/infra/persistence/inventory_repository.go:94.17,96.4 1 0
github.com/lukasqw/oficina-tech-ms3-workshop/internal/modules/inventory/infra/persistence/inventory_repository.go:97.3,97.41 1 4
github.com/lukasqw/oficina-tech-ms3-workshop/internal/modules/inventory/infra/persistence/inventory_repository.go:100.2,100.25 1 3
github.com/lukasqw/oficina-tech-ms3-workshop/internal/modules/inventory/infra/persistence/inventory_repository.go:104.80,106.16 2 7
github.com/lukasqw/oficina-tech-ms3-workshop/internal/modules/inventory/infra/persistence/inventory_repository.go:106.16,108.3 1 1
github.com/lukasqw/oficina-tech-ms3-workshop/internal/modules/inventory/infra/persistence/inventory_repository.go:110.2,114.25 3 6
github.com/lukasqw/oficina-tech-ms3-workshop/internal/modules/inventory/infra/persistence/inventory_repository.go:114.25,115.54 1 2
github.com/lukasqw/oficina-tech-ms3-workshop/internal/modules/inventory/infra/persistence/inventory_repository.go:115.54,117.4 1 2
github.com/lukasqw/oficina-tech-ms3-workshop/internal/modules/inventory/infra/persistence/inventory_repository.go:118.3,118.22 1 0
github.com/lukasqw/oficina-tech-ms3-workshop/internal/modules/inventory/infra/persistence/inventory_repository.go:122.2,122.67 1 4
github.com/lukasqw/oficina-tech-ms3-workshop/internal/modules/inventory/infra/persistence/inventory_repository.go:122.67,124.3 1 0
github.com/lukasqw/oficina-tech-ms3-workshop/internal/modules/inventory/infra/persistence/inventory_repository.go:126.2,126.12 1 4
github.com/lukasqw/oficina-tech-ms3-workshop/internal/modules/inventory/infra/persistence/inventory_repository.go:130.106,132.16 2 5
github.com/lukasqw/oficina-tech-ms3-workshop/internal/modules/inventory/infra/persistence/inventory_repository.go:132.16,134.3 1 2
github.com/lukasqw/oficina-tech-ms3-workshop/internal/modules/inventory/infra/persistence/inventory_repository.go:136.2,137.120 2 3
github.com/lukasqw/oficina-tech-ms3-workshop/internal/modules/inventory/infra/persistence/inventory_repository.go:137.120,139.3 1 0
github.com/lukasqw/oficina-tech-ms3-workshop/internal/modules/inventory/infra/persistence/inventory_repository.go:141.2,141.23 1 3
github.com/lukasqw/oficina-tech-ms3-workshop/internal/modules/inventory/infra/persistence/product_model.go:24.40,26.2 1 14
github.com/lukasqw/oficina-tech-ms3-workshop/internal/modules/inventory/infra/persistence/product_model.go:29.61,31.16 2 12
github.com/lukasqw/oficina-tech-ms3-workshop/internal/modules/inventory/infra/persistence/product_model.go:31.16,33.3 1 1
github.com/lukasqw/oficina-tech-ms3-workshop/internal/modules/inventory/infra/persistence/product_model.go:35.2,36.23 2 11
github.com/lukasqw/oficina-tech-ms3-workshop/internal/modules/inventory/infra/persistence/product_model.go:36.23,38.3 1 1
github.com/lukasqw/oficina-tech-ms3-workshop/internal/modules/inventory/infra/persistence/product_model.go:40.2,49.3 1 11
github.com/lukasqw/oficina-tech-ms3-workshop/internal/modules/inventory/infra/persistence/product_model.go:53.60,57.18 3 14
github.com/lukasqw/oficina-tech-ms3-workshop/internal/modules/inventory/infra/persistence/product_model.go:57.18,59.17 2 2
github.com/lukasqw/oficina-tech-ms3-workshop/internal/modules/inventory/infra/persistence/product_model.go:59.17,61.4 1 0
github.com/lukasqw/oficina-tech-ms3-workshop/internal/modules/inventory/infra/persistence/product_model.go:65.2,75.26 2 14
[...]
github.com/lukasqw/oficina-tech-ms3-workshop/internal/shared/infra/http/middleware/rbac_middleware.go:44.4,44.48 1 12
github.com/lukasqw/oficina-tech-ms3-workshop/internal/shared/infra/http/middleware/rbac_middleware.go:44.48,47.5 2 4
github.com/lukasqw/oficina-tech-ms3-workshop/internal/shared/infra/http/middleware/rbac_middleware.go:50.4,50.24 1 8
github.com/lukasqw/oficina-tech-ms3-workshop/internal/shared/infra/http/middleware/rbac_middleware.go:56.101,57.46 1 5
github.com/lukasqw/oficina-tech-ms3-workshop/internal/shared/infra/http/middleware/rbac_middleware.go:57.46,58.72 1 5
github.com/lukasqw/oficina-tech-ms3-workshop/internal/shared/infra/http/middleware/rbac_middleware.go:58.72,61.11 2 5
github.com/lukasqw/oficina-tech-ms3-workshop/internal/shared/infra/http/middleware/rbac_middleware.go:61.11,64.5 2 1
github.com/lukasqw/oficina-tech-ms3-workshop/internal/shared/infra/http/middleware/rbac_middleware.go:67.4,68.29 2 4
github.com/lukasqw/oficina-tech-ms3-workshop/internal/shared/infra/http/middleware/rbac_middleware.go:68.29,71.5 2 1
github.com/lukasqw/oficina-tech-ms3-workshop/internal/shared/infra/http/middleware/rbac_middleware.go:75.4,78.48 2 3
github.com/lukasqw/oficina-tech-ms3-workshop/internal/shared/infra/http/middleware/rbac_middleware.go:78.48,82.5 2 1
github.com/lukasqw/oficina-tech-ms3-workshop/internal/shared/infra/http/middleware/rbac_middleware.go:85.4,85.48 1 2
github.com/lukasqw/oficina-tech-ms3-workshop/internal/shared/infra/http/middleware/rbac_middleware.go:85.48,88.5 2 1
github.com/lukasqw/oficina-tech-ms3-workshop/internal/shared/infra/http/middleware/rbac_middleware.go:91.4,91.24 1 1
github.com/lukasqw/oficina-tech-ms3-workshop/internal/shared/infra/http/middleware/rbac_middleware.go:97.67,99.13 2 28
github.com/lukasqw/oficina-tech-ms3-workshop/internal/shared/infra/http/middleware/rbac_middleware.go:99.13,101.3 1 2
github.com/lukasqw/oficina-tech-ms3-workshop/internal/shared/infra/http/middleware/rbac_middleware.go:104.2,104.43 1 26
github.com/lukasqw/oficina-tech-ms3-workshop/internal/shared/infra/http/middleware/rbac_middleware.go:104.43,106.14 2 25
github.com/lukasqw/oficina-tech-ms3-workshop/internal/shared/infra/http/middleware/rbac_middleware.go:106.14,107.12 1 1
github.com/lukasqw/oficina-tech-ms3-workshop/internal/shared/infra/http/middleware/rbac_middleware.go:111.3,111.32 1 24
github.com/lukasqw/oficina-tech-ms3-workshop/internal/shared/infra/http/middleware/rbac_middleware.go:111.32,113.4 1 17
github.com/lukasqw/oficina-tech-ms3-workshop/internal/shared/infra/http/middleware/rbac_middleware.go:116.2,116.14 1 9
github.com/lukasqw/oficina-tech-ms3-workshop/internal/shared/infra/http/middleware/rbac_middleware.go:121.44,126.39 2 11
github.com/lukasqw/oficina-tech-ms3-workshop/internal/shared/infra/http/middleware/rbac_middleware.go:126.39,128.54 1 14
github.com/lukasqw/oficina-tech-ms3-workshop/internal/shared/infra/http/middleware/rbac_middleware.go:128.54,130.4 1 7
github.com/lukasqw/oficina-tech-ms3-workshop/internal/shared/infra/http/middleware/rbac_middleware.go:133.2,133.11 1 4
github.com/lukasqw/oficina-tech-ms3-workshop/internal/shared/utils/error_mapper.go:16.45,17.16 1 30
github.com/lukasqw/oficina-tech-ms3-workshop/internal/shared/utils/error_mapper.go:17.16,19.3 1 1
github.com/lukasqw/oficina-tech-ms3-workshop/internal/shared/utils/error_mapper.go:21.2,24.16 2 29
github.com/lukasqw/oficina-tech-ms3-workshop/internal/shared/utils/error_mapper.go:28.99,29.60 1 12
github.com/lukasqw/oficina-tech-ms3-workshop/internal/shared/utils/error_mapper.go:33.2,33.72 1 17
github.com/lukasqw/oficina-tech-ms3-workshop/internal/shared/utils/error_mapper.go:33.72,35.3 1 1
github.com/lukasqw/oficina-tech-ms3-workshop/internal/shared/utils/error_mapper.go:38.2,38.101 1 16
github.com/lukasqw/oficina-tech-ms3-workshop/internal/shared/utils/error_mapper.go:38.101,40.3 1 1
github.com/lukasqw/oficina-tech-ms3-workshop/internal/shared/utils/error_mapper.go:43.2,43.48 1 15
github.com/lukasqw/oficina-tech-ms3-workshop/internal/shared/utils/error_mapper.go:43.48,45.3 1 2
github.com/lukasqw/oficina-tech-ms3-workshop/internal/shared/utils/error_mapper.go:48.2,48.59 1 13
github.com/lukasqw/oficina-tech-ms3-workshop/internal/shared/utils/error_mapper.go:48.59,50.3 1 1
github.com/lukasqw/oficina-tech-ms3-workshop/internal/shared/utils/error_mapper.go:53.2,53.86 1 12
github.com/lukasqw/oficina-tech-ms3-workshop/internal/shared/utils/error_mapper.go:53.86,55.3 1 1
github.com/lukasqw/oficina-tech-ms3-workshop/internal/shared/utils/error_mapper.go:58.2,58.92 1 11
github.com/lukasqw/oficina-tech-ms3-workshop/internal/shared/utils/error_mapper.go:58.92,60.3 1 2
github.com/lukasqw/oficina-tech-ms3-workshop/internal/shared/utils/error_mapper.go:63.2,63.75 1 9
github.com/lukasqw/oficina-tech-ms3-workshop/internal/shared/utils/error_mapper.go:63.75,65.3 1 2
github.com/lukasqw/oficina-tech-ms3-workshop/internal/shared/utils/error_mapper.go:68.2,68.65 1 7
github.com/lukasqw/oficina-tech-ms3-workshop/internal/shared/utils/error_mapper.go:68.65,70.3 1 1
github.com/lukasqw/oficina-tech-ms3-workshop/internal/shared/utils/error_mapper.go:73.2,73.71 1 6
github.com/lukasqw/oficina-tech-ms3-workshop/internal/shared/utils/error_mapper.go:73.71,75.3 1 1
github.com/lukasqw/oficina-tech-ms3-workshop/internal/shared/utils/error_mapper.go:79.2,84.45 2 5
github.com/lukasqw/oficina-tech-ms3-workshop/internal/shared/utils/error_mapper.go:84.45,85.57 1 24
github.com/lukasqw/oficina-tech-ms3-workshop/internal/shared/utils/error_mapper.go:85.57,87.4 1 4
github.com/lukasqw/oficina-tech-ms3-workshop/internal/shared/utils/error_mapper.go:91.2,91.75 1 1
github.com/lukasqw/oficina-tech-ms3-workshop/internal/shared/utils/http_response.go:9.74,17.2 4 3
github.com/lukasqw/oficina-tech-ms3-workshop/internal/shared/utils/http_response.go:20.91,34.2 4 3
github.com/lukasqw/oficina-tech-ms3-workshop/internal/shared/utils/http_response.go:37.82,51.2 4 2
github.com/lukasqw/oficina-tech-ms3-workshop/internal/shared/utils/http_response.go:54.85,62.2 4 1
github.com/lukasqw/oficina-tech-ms3-workshop/internal/shared/utils/http_response.go:65.34,67.2 1 5
github.com/lukasqw/oficina-tech-ms3-workshop/internal/shared/utils/time_formatter.go:6.44,8.2 1 3
github.com/lukasqw/oficina-tech-ms3-workshop/internal/shared/utils/time_formatter.go:11.52,13.2 1 5
github.com/lukasqw/oficina-tech-ms3-workshop/internal/shared/utils/uuid.go:10.30,12.2 1 101
github.com/lukasqw/oficina-tech-ms3-workshop/internal/shared/utils/uuid.go:15.36,17.16 2 6
github.com/lukasqw/oficina-tech-ms3-workshop/internal/shared/utils/uuid.go:17.16,19.3 1 4
github.com/lukasqw/oficina-tech-ms3-workshop/internal/shared/utils/uuid.go:20.2,20.12 1 2
github.com/lukasqw/oficina-tech-ms3-workshop/internal/shared/utils/uuid.go:24.46,26.2 1 4
github.com/lukasqw/oficina-tech-ms3-workshop/internal/shared/validators/validator.go:14.42,16.31 2 45
github.com/lukasqw/oficina-tech-ms3-workshop/internal/shared/validators/validator.go:16.31,18.3 1 4
github.com/lukasqw/oficina-tech-ms3-workshop/internal/shared/validators/validator.go:20.2,20.34 1 45
github.com/lukasqw/oficina-tech-ms3-workshop/internal/shared/validators/validator.go:20.34,22.3 1 1
github.com/lukasqw/oficina-tech-ms3-workshop/internal/shared/validators/validator.go:24.2,26.38 2 44
github.com/lukasqw/oficina-tech-ms3-workshop/internal/shared/validators/validator.go:26.38,31.46 4 155
github.com/lukasqw/oficina-tech-ms3-workshop/internal/shared/validators/validator.go:31.46,32.12 1 2
github.com/lukasqw/oficina-tech-ms3-workshop/internal/shared/validators/validator.go:35.3,38.30 3 153
github.com/lukasqw/oficina-tech-ms3-workshop/internal/shared/validators/validator.go:38.30,40.65 2 309
github.com/lukasqw/oficina-tech-ms3-workshop/internal/shared/validators/validator.go:40.65,42.5 1 23
github.com/lukasqw/oficina-tech-ms3-workshop/internal/shared/validators/validator.go:46.2,46.12 1 21
github.com/lukasqw/oficina-tech-ms3-workshop/internal/shared/validators/validator.go:49.53,51.37 2 153
github.com/lukasqw/oficina-tech-ms3-workshop/internal/shared/validators/validator.go:51.37,53.3 1 153
github.com/lukasqw/oficina-tech-ms3-workshop/internal/shared/validators/validator.go:54.2,54.36 1 0
github.com/lukasqw/oficina-tech-ms3-workshop/internal/shared/validators/validator.go:57.79,60.15 2 309
github.com/lukasqw/oficina-tech-ms3-workshop/internal/shared/validators/validator.go:60.15,62.25 1 12
github.com/lukasqw/oficina-tech-ms3-workshop/internal/shared/validators/validator.go:62.25,64.4 1 2
github.com/lukasqw/oficina-tech-ms3-workshop/internal/shared/validators/validator.go:65.3,65.33 1 10
github.com/lukasqw/oficina-tech-ms3-workshop/internal/shared/validators/validator.go:68.2,71.20 4 307
github.com/lukasqw/oficina-tech-ms3-workshop/internal/shared/validators/validator.go:71.20,73.3 1 140
github.com/lukasqw/oficina-tech-ms3-workshop/internal/shared/validators/validator.go:76.2,76.24 1 307
github.com/lukasqw/oficina-tech-ms3-workshop/internal/shared/validators/validator.go:76.24,78.3 1 3
github.com/lukasqw/oficina-tech-ms3-workshop/internal/shared/validators/validator.go:81.2,81.29 1 304
github.com/lukasqw/oficina-tech-ms3-workshop/internal/shared/validators/validator.go:81.29,82.26 1 17
github.com/lukasqw/oficina-tech-ms3-workshop/internal/shared/validators/validator.go:82.26,84.4 1 13
github.com/lukasqw/oficina-tech-ms3-workshop/internal/shared/validators/validator.go:85.3,85.13 1 4
github.com/lukasqw/oficina-tech-ms3-workshop/internal/shared/validators/validator.go:89.2,89.51 1 287
github.com/lukasqw/oficina-tech-ms3-workshop/internal/shared/validators/validator.go:89.51,91.3 1 39
github.com/lukasqw/oficina-tech-ms3-workshop/internal/shared/validators/validator.go:93.2,93.18 1 248
github.com/lukasqw/oficina-tech-ms3-workshop/internal/shared/validators/validator.go:94.18,95.49 1 99
github.com/lukasqw/oficina-tech-ms3-workshop/internal/shared/validators/validator.go:96.13,97.55 1 54
github.com/lukasqw/oficina-tech-ms3-workshop/internal/shared/validators/validator.go:98.13,99.55 1 47
github.com/lukasqw/oficina-tech-ms3-workshop/internal/shared/validators/validator.go:100.12,101.54 1 7
github.com/lukasqw/oficina-tech-ms3-workshop/internal/shared/validators/validator.go:102.15,103.46 1 27
github.com/lukasqw/oficina-tech-ms3-workshop/internal/shared/validators/validator.go:104.15,105.57 1 6
github.com/lukasqw/oficina-tech-ms3-workshop/internal/shared/validators/validator.go:106.14,107.45 1 8
github.com/lukasqw/oficina-tech-ms3-workshop/internal/shared/validators/validator.go:108.10,109.13 1 0
github.com/lukasqw/oficina-tech-ms3-workshop/internal/shared/validators/validator.go:113.45,114.27 1 304
github.com/lukasqw/oficina-tech-ms3-workshop/internal/shared/validators/validator.go:115.22,116.54 1 222
github.com/lukasqw/oficina-tech-ms3-workshop/internal/shared/validators/validator.go:117.78,118.31 1 79
github.com/lukasqw/oficina-tech-ms3-workshop/internal/shared/validators/validator.go:119.83,120.32 1 0
github.com/lukasqw/oficina-tech-ms3-workshop/internal/shared/validators/validator.go:121.20,122.28 1 0
github.com/lukasqw/oficina-tech-ms3-workshop/internal/shared/validators/validator.go:123.49,124.31 1 3
github.com/lukasqw/oficina-tech-ms3-workshop/internal/shared/validators/validator.go:126.2,126.14 1 0
github.com/lukasqw/oficina-tech-ms3-workshop/internal/shared/validators/validator.go:129.73,130.27 1 99
github.com/lukasqw/oficina-tech-ms3-workshop/internal/shared/validators/validator.go:131.22,132.51 1 65
github.com/lukasqw/oficina-tech-ms3-workshop/internal/shared/validators/validator.go:132.51,134.4 1 2
github.com/lukasqw/oficina-tech-ms3-workshop/internal/shared/validators/validator.go:135.78,136.28 1 31
github.com/lukasqw/oficina-tech-ms3-workshop/internal/shared/validators/validator.go:136.28,138.4 1 3
github.com/lukasqw/oficina-tech-ms3-workshop/internal/shared/validators/validator.go:139.83,140.29 1 0
github.com/lukasqw/oficina-tech-ms3-workshop/internal/shared/validators/validator.go:140.29,142.4 1 0
github.com/lukasqw/oficina-tech-ms3-workshop/internal/shared/validators/validator.go:144.2,144.12 1 94
github.com/lukasqw/oficina-tech-ms3-workshop/internal/shared/validators/validator.go:147.83,149.16 2 54
github.com/lukasqw/oficina-tech-ms3-workshop/internal/shared/validators/validator.go:149.16,151.3 1 0
github.com/lukasqw/oficina-tech-ms3-workshop/internal/shared/validators/validator.go:153.2,153.27 1 54
github.com/lukasqw/oficina-tech-ms3-workshop/internal/shared/validators/validator.go:154.22,156.34 2 33
github.com/lukasqw/oficina-tech-ms3-workshop/internal/shared/validators/validator.go:156.34,158.4 1 2
github.com/lukasqw/oficina-tech-ms3-workshop/internal/shared/validators/validator.go:159.78,160.36 1 21
github.com/lukasqw/oficina-tech-ms3-workshop/internal/shared/validators/validator.go:160.36,162.4 1 1
github.com/lukasqw/oficina-tech-ms3-workshop/internal/shared/validators/validator.go:163.83,164.38 1 0
github.com/lukasqw/oficina-tech-ms3-workshop/internal/shared/validators/validator.go:164.38,166.4 1 0
github.com/lukasqw/oficina-tech-ms3-workshop/internal/shared/validators/validator.go:168.2,168.12 1 51
github.com/lukasqw/oficina-tech-ms3-workshop/internal/shared/validators/validator.go:171.83,173.16 2 47
github.com/lukasqw/oficina-tech-ms3-workshop/internal/shared/validators/validator.go:173.16,175.3 1 0
github.com/lukasqw/oficina-tech-ms3-workshop/internal/shared/validators/validator.go:177.2,177.27 1 47
github.com/lukasqw/oficina-tech-ms3-workshop/internal/shared/validators/validator.go:178.22,180.34 2 27
github.com/lukasqw/oficina-tech-ms3-workshop/internal/shared/validators/validator.go:180.34,182.4 1 1
github.com/lukasqw/oficina-tech-ms3-workshop/internal/shared/validators/validator.go:183.78,184.36 1 20
github.com/lukasqw/oficina-tech-ms3-workshop/internal/shared/validators/validator.go:184.36,186.4 1 1
github.com/lukasqw/oficina-tech-ms3-workshop/internal/shared/validators/validator.go:187.83,188.38 1 0
github.com/lukasqw/oficina-tech-ms3-workshop/internal/shared/validators/validator.go:188.38,190.4 1 0
github.com/lukasqw/oficina-tech-ms3-workshop/internal/shared/validators/validator.go:192.2,192.12 1 45
github.com/lukasqw/oficina-tech-ms3-workshop/internal/shared/validators/validator.go:195.81,197.16 2 7
github.com/lukasqw/oficina-tech-ms3-workshop/internal/shared/validators/validator.go:197.16,199.3 1 0
github.com/lukasqw/oficina-tech-ms3-workshop/internal/shared/validators/validator.go:201.2,201.27 1 7
github.com/lukasqw/oficina-tech-ms3-workshop/internal/shared/validators/validator.go:202.78,203.36 1 7
github.com/lukasqw/oficina-tech-ms3-workshop/internal/shared/validators/validator.go:203.36,205.4 1 2
github.com/lukasqw/oficina-tech-ms3-workshop/internal/shared/validators/validator.go:206.83,207.38 1 0
github.com/lukasqw/oficina-tech-ms3-workshop/internal/shared/validators/validator.go:207.38,209.4 1 0
github.com/lukasqw/oficina-tech-ms3-workshop/internal/shared/validators/validator.go:211.2,211.12 1 5
github.com/lukasqw/oficina-tech-ms3-workshop/internal/shared/validators/validator.go:214.70,215.41 1 27
github.com/lukasqw/oficina-tech-ms3-workshop/internal/shared/validators/validator.go:215.41,217.3 1 0
github.com/lukasqw/oficina-tech-ms3-workshop/internal/shared/validators/validator.go:219.2,220.51 2 27
github.com/lukasqw/oficina-tech-ms3-workshop/internal/shared/validators/validator.go:220.51,222.3 1 4
github.com/lukasqw/oficina-tech-ms3-workshop/internal/shared/validators/validator.go:224.2,224.12 1 23
github.com/lukasqw/oficina-tech-ms3-workshop/internal/shared/validators/validator.go:227.92,228.41 1 6
github.com/lukasqw/oficina-tech-ms3-workshop/internal/shared/validators/validator.go:228.41,230.3 1 0
github.com/lukasqw/oficina-tech-ms3-workshop/internal/shared/validators/validator.go:232.2,233.17 2 6
github.com/lukasqw/oficina-tech-ms3-workshop/internal/shared/validators/validator.go:233.17,235.3 1 0
github.com/lukasqw/oficina-tech-ms3-workshop/internal/shared/validators/validator.go:237.2,238.39 2 6
github.com/lukasqw/oficina-tech-ms3-workshop/internal/shared/validators/validator.go:238.39,239.47 1 13
github.com/lukasqw/oficina-tech-ms3-workshop/internal/shared/validators/validator.go:239.47,241.4 1 4
github.com/lukasqw/oficina-tech-ms3-workshop/internal/shared/validators/validator.go:244.2,244.84 1 2
github.com/lukasqw/oficina-tech-ms3-workshop/internal/shared/validators/validator.go:247.69,248.41 1 8
github.com/lukasqw/oficina-tech-ms3-workshop/internal/shared/validators/validator.go:248.41,250.3 1 0
github.com/lukasqw/oficina-tech-ms3-workshop/internal/shared/validators/validator.go:252.2,253.16 2 8
github.com/lukasqw/oficina-tech-ms3-workshop/internal/shared/validators/validator.go:253.16,255.3 1 0
github.com/lukasqw/oficina-tech-ms3-workshop/internal/shared/validators/validator.go:258.2,259.34 2 8
github.com/lukasqw/oficina-tech-ms3-workshop/internal/shared/validators/validator.go:259.34,261.3 1 3
github.com/lukasqw/oficina-tech-ms3-workshop/internal/shared/validators/validator.go:263.2,263.12 1 5
github.com/lukasqw/oficina-tech-ms3-workshop/internal/shared/validators/validator.go:266.69,268.78 1 3
github.com/lukasqw/oficina-tech-ms3-workshop/internal/shared/validators/validator.go:268.78,270.3 1 0
github.com/lukasqw/oficina-tech-ms3-workshop/internal/shared/validators/validator.go:272.2,272.40 1 3
github.com/lukasqw/oficina-tech-ms3-workshop/internal/shared/validators/validator.go:272.40,276.33 2 4
github.com/lukasqw/oficina-tech-ms3-workshop/internal/shared/validators/validator.go:276.33,277.20 1 0
github.com/lukasqw/oficina-tech-ms3-workshop/internal/shared/validators/validator.go:277.20,278.13 1 0
github.com/lukasqw/oficina-tech-ms3-workshop/internal/shared/validators/validator.go:280.4,280.22 1 0
github.com/lukasqw/oficina-tech-ms3-workshop/internal/shared/validators/validator.go:284.3,284.36 1 4
github.com/lukasqw/oficina-tech-ms3-workshop/internal/shared/validators/validator.go:284.36,285.66 1 4
github.com/lukasqw/oficina-tech-ms3-workshop/internal/shared/validators/validator.go:285.66,287.5 1 2
github.com/lukasqw/oficina-tech-ms3-workshop/internal/shared/validators/validator.go:291.2,291.12 1 1
github.com/lukasqw/oficina-tech-ms3-workshop/internal/shared/validators/validator.go:294.45,295.36 1 6
github.com/lukasqw/oficina-tech-ms3-workshop/internal/shared/validators/validator.go:295.36,297.3 1 2
github.com/lukasqw/oficina-tech-ms3-workshop/internal/shared/validators/validator.go:299.2,300.16 2 4
github.com/lukasqw/oficina-tech-ms3-workshop/internal/shared/validators/validator.go:300.16,302.3 1 2
github.com/lukasqw/oficina-tech-ms3-workshop/internal/shared/validators/validator.go:304.2,304.13 1 2
github.com/lukasqw/oficina-tech-ms3-workshop/internal/shared/validators/validator.go:304.13,306.3 1 1
github.com/lukasqw/oficina-tech-ms3-workshop/internal/shared/validators/validator.go:308.2,308.22 1 1
github.com/lukasqw/oficina-tech-ms3-workshop/internal/shared/validators/validator.go:311.58,312.38 1 9
github.com/lukasqw/oficina-tech-ms3-workshop/internal/shared/validators/validator.go:312.38,314.17 2 5
github.com/lukasqw/oficina-tech-ms3-workshop/internal/shared/validators/validator.go:314.17,316.4 1 1
github.com/lukasqw/oficina-tech-ms3-workshop/internal/shared/validators/validator.go:317.3,317.28 1 4
github.com/lukasqw/oficina-tech-ms3-workshop/internal/shared/validators/validator.go:317.28,319.4 1 2
github.com/lukasqw/oficina-tech-ms3-workshop/internal/shared/validators/validator.go:322.2,322.40 1 6
github.com/lukasqw/oficina-tech-ms3-workshop/internal/shared/validators/validator.go:322.40,324.17 2 4
github.com/lukasqw/oficina-tech-ms3-workshop/internal/shared/validators/validator.go:324.17,326.4 1 1
github.com/lukasqw/oficina-tech-ms3-workshop/internal/shared/validators/validator.go:327.3,327.14 1 3
github.com/lukasqw/oficina-tech-ms3-workshop/internal/shared/validators/validator.go:327.14,329.4 1 1
github.com/lukasqw/oficina-tech-ms3-workshop/internal/shared/validators/validator.go:332.2,332.12 1 4
